<?xml version="1.0" encoding="utf-8"?>
<!DOCTYPE coverage SYSTEM "http://cobertura.sourceforge.net/xml/coverage-04.dtd">
<coverage line-rate="0.71304347826087" branch-rate="0.75" lines-covered="82" lines-valid="115" branches-covered="6" branches-valid="8" complexity="21" version="0" timestamp="1709488178">
  <sources>
    <source>C:\Users\samix\</source>
  </sources>
  <packages>
    <package name="TestJWKSServer" line-rate="0.652173913043478" branch-rate="0.75" complexity="17">
      <classes>
        <class name="TestJWKSServer.Controllers.JwtController" filename="C:\Users\samix\source\repos\TestJWKSServer\TestJWKSServer\Controllers\JwtController.cs" line-rate="0.951612903225806" branch-rate="1" complexity="9">
          <methods>
            <method name="GetJwks" signature="()" line-rate="1" branch-rate="1" complexity="4">
              <lines>
                <line number="39" hits="1" branch="false" />
                <line number="40" hits="1" branch="false" />
                <line number="41" hits="5" branch="true" condition-coverage="100% (2/2)" />
                <line number="42" hits="1" branch="false" />
                <line number="43" hits="1" branch="true" condition-coverage="100% (2/2)" />
                <line number="44" hits="1" branch="false" />
                <line number="46" hits="1" branch="false" />
                <line number="47" hits="1" branch="false" />
                <line number="48" hits="1" branch="false" />
                <line number="49" hits="1" branch="false" />
                <line number="50" hits="1" branch="false" />
                <line number="51" hits="1" branch="false" />
                <line number="52" hits="1" branch="false" />
                <line number="53" hits="1" branch="false" />
                <line number="54" hits="1" branch="false" />
                <line number="55" hits="1" branch="false" />
                <line number="56" hits="1" branch="false" />
                <line number="57" hits="1" branch="false" />
                <line number="58" hits="1" branch="false" />
                <line number="59" hits="1" branch="false" />
              </lines>
            </method>
            <method name="Authenticate" signature="(...)" line-rate="1" branch-rate="1" complexity="2">
              <lines>
                <line number="68" hits="2" branch="false" />
                <line number="70" hits="4" branch="false" />
                <line number="71" hits="2" branch="false" />
                <line number="72" hits="2" branch="false" />
                <line number="73" hits="2" branch="false" />
                <line number="74" hits="2" branch="false" />
                <line number="75" hits="2" branch="false" />
                <line number="76" hits="2" branch="false" />
                <line number="77" hits="2" branch="false" />
                <line number="78" hits="2" branch="false" />
                <line number="79" hits="2" branch="false" />
                <line number="80" hits="2" branch="false" />
                <line number="81" hits="2" branch="false" />
                <line number="82" hits="2" branch="false" />
                <line number="83" hits="2" branch="false" />
                <line number="85" hits="2" branch="true" condition-coverage="100% (2/2)" />
                <line number="86" hits="1" branch="false" />
                <line number="88" hits="1" branch="false" />
                <line number="89" hits="1" branch="false" />
                <line number="90" hits="1" branch="false" />
                <line number="91" hits="1" branch="false" />
                <line number="92" hits="1" branch="false" />
                <line number="95" hits="2" branch="false" />
                <line number="96" hits="2" branch="false" />
                <line number="98" hits="2" branch="false" />
                <line number="99" hits="2" branch="false" />
                <line number="100" hits="2" branch="false" />
                <line number="101" hits="2" branch="false" />
                <line number="102" hits="2" branch="false" />
              </lines>
            </method>
            <method name="IsExpired" signature="(...)" line-rate="1" branch-rate="1" complexity="1">
              <lines>
                <line number="110" hits="3" branch="false" />
                <line number="112" hits="3" branch="false" />
                <line number="113" hits="3" branch="false" />
                <line number="114" hits="3" branch="false" />
              </lines>
            </method>
            <method name="GetStatus" signature="()" line-rate="0" branch-rate="1" complexity="1">
              <lines>
                <line number="122" hits="0" branch="false" />
                <line number="123" hits="0" branch="false" />
                <line number="124" hits="0" branch="false" />
              </lines>
            </method>
            <method name=".ctor" signature="()" line-rate="1" branch-rate="1" complexity="1">
              <lines>
                <line number="25" hits="3" branch="false" />
                <line number="26" hits="3" branch="false" />
                <line number="27" hits="3" branch="false" />
                <line number="29" hits="3" branch="false" />
                <line number="30" hits="3" branch="false" />
                <line number="31" hits="6" branch="false" />
              </lines>
            </method>
          </methods>
          <lines>
            <line number="25" hits="3" branch="false" />
            <line number="26" hits="3" branch="false" />
            <line number="27" hits="3" branch="false" />
            <line number="29" hits="3" branch="false" />
            <line number="30" hits="3" branch="false" />
            <line number="31" hits="6" branch="false" />
            <line number="39" hits="1" branch="false" />
            <line number="40" hits="1" branch="false" />
            <line number="41" hits="5" branch="true" condition-coverage="100% (2/2)" />
            <line number="42" hits="1" branch="false" />
            <line number="43" hits="1" branch="true" condition-coverage="100% (2/2)" />
            <line number="44" hits="1" branch="false" />
            <line number="46" hits="1" branch="false" />
            <line number="47" hits="1" branch="false" />
            <line number="48" hits="1" branch="false" />
            <line number="49" hits="1" branch="false" />
            <line number="50" hits="1" branch="false" />
            <line number="51" hits="1" branch="false" />
            <line number="52" hits="1" branch="false" />
            <line number="53" hits="1" branch="false" />
            <line number="54" hits="1" branch="false" />
            <line number="55" hits="1" branch="false" />
            <line number="56" hits="1" branch="false" />
            <line number="57" hits="1" branch="false" />
            <line number="58" hits="1" branch="false" />
            <line number="59" hits="1" branch="false" />
            <line number="68" hits="2" branch="false" />
            <line number="70" hits="4" branch="false" />
            <line number="71" hits="2" branch="false" />
            <line number="72" hits="2" branch="false" />
            <line number="73" hits="2" branch="false" />
            <line number="74" hits="2" branch="false" />
            <line number="75" hits="2" branch="false" />
            <line number="76" hits="2" branch="false" />
            <line number="77" hits="2" branch="false" />
            <line number="78" hits="2" branch="false" />
            <line number="79" hits="2" branch="false" />
            <line number="80" hits="2" branch="false" />
            <line number="81" hits="2" branch="false" />
            <line number="82" hits="2" branch="false" />
            <line number="83" hits="2" branch="false" />
            <line number="85" hits="2" branch="true" condition-coverage="100% (2/2)" />
            <line number="86" hits="1" branch="false" />
            <line number="88" hits="1" branch="false" />
            <line number="89" hits="1" branch="false" />
            <line number="90" hits="1" branch="false" />
            <line number="91" hits="1" branch="false" />
            <line number="92" hits="1" branch="false" />
            <line number="95" hits="2" branch="false" />
            <line number="96" hits="2" branch="false" />
            <line number="98" hits="2" branch="false" />
            <line number="99" hits="2" branch="false" />
            <line number="100" hits="2" branch="false" />
            <line number="101" hits="2" branch="false" />
            <line number="102" hits="2" branch="false" />
            <line number="110" hits="3" branch="false" />
            <line number="112" hits="3" branch="false" />
            <line number="113" hits="3" branch="false" />
            <line number="114" hits="3" branch="false" />
            <line number="122" hits="0" branch="false" />
            <line number="123" hits="0" branch="false" />
            <line number="124" hits="0" branch="false" />
          </lines>
        </class>
        <class name="TestJWKSServer.JwtToken" filename="C:\Users\samix\source\repos\TestJWKSServer\TestJWKSServer\JwtToken.cs" line-rate="1" branch-rate="1" complexity="1">
          <methods>
            <method name="get_Token" signature="()" line-rate="1" branch-rate="1" complexity="1">
              <lines>
                <line number="11" hits="4" branch="false" />
              </lines>
            </method>
          </methods>
          <lines>
            <line number="11" hits="4" branch="false" />
          </lines>
        </class>
        <class name="TestJWKSServer.Program" filename="C:\Users\samix\source\repos\TestJWKSServer\TestJWKSServer\Program.cs" line-rate="0" branch-rate="1" complexity="2">
          <methods>
            <method name="Main" signature="(...)" line-rate="0" branch-rate="1" complexity="1">
              <lines>
                <line number="13" hits="0" branch="false" />
                <line number="15" hits="0" branch="false" />
                <line number="16" hits="0" branch="false" />
              </lines>
            </method>
            <method name="CreateHostBuilder" signature="(...)" line-rate="0" branch-rate="1" complexity="1">
              <lines>
                <line number="24" hits="0" branch="false" />
                <line number="25" hits="0" branch="false" />
                <line number="26" hits="0" branch="false" />
                <line number="27" hits="0" branch="false" />
                <line number="28" hits="0" branch="false" />
                <line number="29" hits="0" branch="false" />
              </lines>
            </method>
          </methods>
          <lines>
            <line number="13" hits="0" branch="false" />
            <line number="15" hits="0" branch="false" />
            <line number="16" hits="0" branch="false" />
            <line number="24" hits="0" branch="false" />
            <line number="25" hits="0" branch="false" />
            <line number="26" hits="0" branch="false" />
            <line number="27" hits="0" branch="false" />
            <line number="28" hits="0" branch="false" />
            <line number="29" hits="0" branch="false" />
          </lines>
        </class>
        <class name="TestJWKSServer.Startup" filename="C:\Users\samix\source\repos\TestJWKSServer\TestJWKSServer\Startup.cs" line-rate="0" branch-rate="0" complexity="5">
          <methods>
            <method name="get_Configuration" signature="()" line-rate="0" branch-rate="1" complexity="1">
              <lines>
                <line number="23" hits="0" branch="false" />
              </lines>
            </method>
            <method name="ConfigureServices" signature="(...)" line-rate="0" branch-rate="1" complexity="1">
              <lines>
                <line number="31" hits="0" branch="false" />
                <line number="33" hits="0" branch="false" />
                <line number="34" hits="0" branch="false" />
              </lines>
            </method>
            <method name="Configure" signature="(...)" line-rate="0" branch-rate="0" complexity="2">
              <lines>
                <line number="43" hits="0" branch="false" />
                <line number="45" hits="0" branch="true" condition-coverage="0% (0/2)" />
                <line number="46" hits="0" branch="false" />
                <line number="47" hits="0" branch="false" />
                <line number="48" hits="0" branch="false" />
                <line number="51" hits="0" branch="false" />
                <line number="54" hits="0" branch="false" />
                <line number="55" hits="0" branch="false" />
                <line number="56" hits="0" branch="false" />
                <line number="57" hits="0" branch="false" />
                <line number="58" hits="0" branch="false" />
                <line number="59" hits="0" branch="false" />
              </lines>
            </method>
            <method name=".ctor" signature="(...)" line-rate="0" branch-rate="1" complexity="1">
              <lines>
                <line number="15" hits="0" branch="false" />
                <line number="16" hits="0" branch="false" />
                <line number="17" hits="0" branch="false" />
                <line number="18" hits="0" branch="false" />
              </lines>
            </method>
          </methods>
          <lines>
            <line number="15" hits="0" branch="false" />
            <line number="16" hits="0" branch="false" />
            <line number="17" hits="0" branch="false" />
            <line number="18" hits="0" branch="false" />
            <line number="23" hits="0" branch="false" />
            <line number="31" hits="0" branch="false" />
            <line number="33" hits="0" branch="false" />
            <line number="34" hits="0" branch="false" />
            <line number="43" hits="0" branch="false" />
            <line number="45" hits="0" branch="true" condition-coverage="0% (0/2)" />
            <line number="46" hits="0" branch="false" />
            <line number="47" hits="0" branch="false" />
            <line number="48" hits="0" branch="false" />
            <line number="51" hits="0" branch="false" />
            <line number="54" hits="0" branch="false" />
            <line number="55" hits="0" branch="false" />
            <line number="56" hits="0" branch="false" />
            <line number="57" hits="0" branch="false" />
            <line number="58" hits="0" branch="false" />
            <line number="59" hits="0" branch="false" />
          </lines>
        </class>
      </classes>
    </package>
    <package name="TestJWKSServer.Tests" line-rate="0.956521739130435" branch-rate="1" complexity="4">
      <classes>
        <class name="AutoGeneratedProgram" filename="C:\Users\samix\.nuget\packages\microsoft.net.test.sdk\16.7.1\build\netcoreapp2.1\Microsoft.NET.Test.Sdk.Program.cs" line-rate="0" branch-rate="1" complexity="1">
          <methods>
            <method name="Main" signature="(...)" line-rate="0" branch-rate="1" complexity="1">
              <lines>
                <line number="4" hits="0" branch="false" />
              </lines>
            </method>
          </methods>
          <lines>
            <line number="4" hits="0" branch="false" />
          </lines>
        </class>
        <class name="TestJWKSServer.Tests.JwtControllerTests" filename="C:\Users\samix\source\repos\TestJWKSServer\TestJWKSServer.Tests\JwtControllerTests.cs" line-rate="1" branch-rate="1" complexity="3">
          <methods>
            <method name="Authenticate_ReturnsValidJwt" signature="()" line-rate="1" branch-rate="1" complexity="1">
              <lines>
                <line number="14" hits="1" branch="false" />
                <line number="16" hits="1" branch="false" />
                <line number="19" hits="1" branch="false" />
                <line number="22" hits="1" branch="false" />
                <line number="23" hits="1" branch="false" />
                <line number="24" hits="1" branch="false" />
                <line number="25" hits="1" branch="false" />
                <line number="26" hits="1" branch="false" />
              </lines>
            </method>
            <method name="Authenticate_ReturnsExpiredJwt" signature="()" line-rate="1" branch-rate="1" complexity="1">
              <lines>
                <line number="33" hits="1" branch="false" />
                <line number="35" hits="1" branch="false" />
                <line number="38" hits="1" branch="false" />
                <line number="41" hits="1" branch="false" />
                <line number="42" hits="1" branch="false" />
                <line number="43" hits="1" branch="false" />
                <line number="44" hits="1" branch="false" />
                <line number="45" hits="1" branch="false" />
              </lines>
            </method>
            <method name="GetJwks_ReturnsJwks" signature="()" line-rate="1" branch-rate="1" complexity="1">
              <lines>
                <line number="52" hits="1" branch="false" />
                <line number="54" hits="1" branch="false" />
                <line number="57" hits="1" branch="false" />
                <line number="60" hits="1" branch="false" />
                <line number="61" hits="1" branch="false" />
                <line number="62" hits="1" branch="false" />
              </lines>
            </method>
          </methods>
          <lines>
            <line number="14" hits="1" branch="false" />
            <line number="16" hits="1" branch="false" />
            <line number="19" hits="1" branch="false" />
            <line number="22" hits="1" branch="false" />
            <line number="23" hits="1" branch="false" />
            <line number="24" hits="1" branch="false" />
            <line number="25" hits="1" branch="false" />
            <line number="26" hits="1" branch="false" />
            <line number="33" hits="1" branch="false" />
            <line number="35" hits="1" branch="false" />
            <line number="38" hits="1" branch="false" />
            <line number="41" hits="1" branch="false" />
            <line number="42" hits="1" branch="false" />
            <line number="43" hits="1" branch="false" />
            <line number="44" hits="1" branch="false" />
            <line number="45" hits="1" branch="false" />
            <line number="52" hits="1" branch="false" />
            <line number="54" hits="1" branch="false" />
            <line number="57" hits="1" branch="false" />
            <line number="60" hits="1" branch="false" />
            <line number="61" hits="1" branch="false" />
            <line number="62" hits="1" branch="false" />
          </lines>
        </class>
      </classes>
    </package>
  </packages>
</coverage>