TpTrace Verbose: 0 : 3452, 1, 2024/03/03, 17:49:36.129, 469387486800, vstest.console.dll, Version: 16.10.0-release-20210511-06
TpTrace Information: 0 : 3452, 1, 2024/03/03, 17:49:36.139, 469387556448, vstest.console.dll, FilePatternParser: The given file C:\Users\samix\source\repos\TestJWKSServer\TestJWKSServer.Tests\bin\Debug\netcoreapp3.1\fine-code-coverage\build-output\TestJWKSServer.Tests.dll is a full path.
TpTrace Verbose: 0 : 3452, 1, 2024/03/03, 17:49:36.146, 469387627570, vstest.console.dll, TestPluginCache.DiscoverTestExtensions: finding test extensions in assemblies ends with: RuntimeProvider.dll TPluginInfo: Microsoft.VisualStudio.TestPlatform.Common.ExtensionFramework.Utilities.TestRuntimePluginInformation TExtension: Microsoft.VisualStudio.TestPlatform.ObjectModel.Host.ITestRuntimeProvider
TpTrace Verbose: 0 : 3452, 1, 2024/03/03, 17:49:36.146, 469387631795, vstest.console.dll, TestPluginCache.GetExtensionPaths: Filtered extension paths: 
TpTrace Verbose: 0 : 3452, 1, 2024/03/03, 17:49:36.146, 469387632670, vstest.console.dll, TestPluginCache.GetExtensionPaths: Added default extension paths: C:\Program Files\dotnet\sdk\5.0.300\Extensions\Microsoft.Diagnostics.NETCore.Client.dll
C:\Program Files\dotnet\sdk\5.0.300\Extensions\Microsoft.TestPlatform.Extensions.BlameDataCollector.dll
C:\Program Files\dotnet\sdk\5.0.300\Extensions\Microsoft.TestPlatform.Extensions.EventLogCollector.dll
C:\Program Files\dotnet\sdk\5.0.300\Extensions\Microsoft.TestPlatform.TestHostRuntimeProvider.dll
C:\Program Files\dotnet\sdk\5.0.300\Extensions\Microsoft.VisualStudio.TestPlatform.Extensions.Html.TestLogger.dll
C:\Program Files\dotnet\sdk\5.0.300\Extensions\Microsoft.VisualStudio.TestPlatform.Extensions.Trx.TestLogger.dll
TpTrace Verbose: 0 : 3452, 1, 2024/03/03, 17:49:36.146, 469387633136, vstest.console.dll, TestPluginCache.GetExtensionPaths: Added unfilterableExtensionPaths: 
TpTrace Information: 0 : 3452, 1, 2024/03/03, 17:49:36.147, 469387640263, vstest.console.dll, AssemblyResolver.ctor: Creating AssemblyResolver with searchDirectories C:\Program Files\dotnet\sdk\5.0.300\Extensions,C:\Program Files\dotnet\sdk\5.0.300
TpTrace Verbose: 0 : 3452, 1, 2024/03/03, 17:49:36.149, 469387656707, vstest.console.dll, TestPluginCache.DiscoverTestExtensions: Discovering the extensions using extension path.
TpTrace Verbose: 0 : 3452, 1, 2024/03/03, 17:49:36.149, 469387658139, vstest.console.dll, TestPluginCache.GetExtensionPaths: Filtered extension paths: 
TpTrace Verbose: 0 : 3452, 1, 2024/03/03, 17:49:36.149, 469387658546, vstest.console.dll, TestPluginCache.GetExtensionPaths: Added default extension paths: C:\Program Files\dotnet\sdk\5.0.300\Extensions\Microsoft.Diagnostics.NETCore.Client.dll
C:\Program Files\dotnet\sdk\5.0.300\Extensions\Microsoft.TestPlatform.Extensions.BlameDataCollector.dll
C:\Program Files\dotnet\sdk\5.0.300\Extensions\Microsoft.TestPlatform.Extensions.EventLogCollector.dll
C:\Program Files\dotnet\sdk\5.0.300\Extensions\Microsoft.TestPlatform.TestHostRuntimeProvider.dll
C:\Program Files\dotnet\sdk\5.0.300\Extensions\Microsoft.VisualStudio.TestPlatform.Extensions.Html.TestLogger.dll
C:\Program Files\dotnet\sdk\5.0.300\Extensions\Microsoft.VisualStudio.TestPlatform.Extensions.Trx.TestLogger.dll
TpTrace Verbose: 0 : 3452, 1, 2024/03/03, 17:49:36.149, 469387658887, vstest.console.dll, TestPluginCache.GetExtensionPaths: Added unfilterableExtensionPaths: 
TpTrace Verbose: 0 : 3452, 1, 2024/03/03, 17:49:36.149, 469387659458, vstest.console.dll, TestPluginCache.DiscoverTestExtensions: Discovering the extensions using allExtensionPaths: C:\Program Files\dotnet\sdk\5.0.300\Extensions\Microsoft.Diagnostics.NETCore.Client.dll
C:\Program Files\dotnet\sdk\5.0.300\Extensions\Microsoft.TestPlatform.Extensions.BlameDataCollector.dll
C:\Program Files\dotnet\sdk\5.0.300\Extensions\Microsoft.TestPlatform.Extensions.EventLogCollector.dll
C:\Program Files\dotnet\sdk\5.0.300\Extensions\Microsoft.TestPlatform.TestHostRuntimeProvider.dll
C:\Program Files\dotnet\sdk\5.0.300\Extensions\Microsoft.VisualStudio.TestPlatform.Extensions.Html.TestLogger.dll
C:\Program Files\dotnet\sdk\5.0.300\Extensions\Microsoft.VisualStudio.TestPlatform.Extensions.Trx.TestLogger.dll
TpTrace Information: 0 : 3452, 1, 2024/03/03, 17:49:36.149, 469387661390, vstest.console.dll, AssemblyResolver.AddSearchDirectories: Adding more searchDirectories C:\Program Files\dotnet\sdk\5.0.300\Extensions,C:\Program Files\dotnet\sdk\5.0.300
TpTrace Information: 0 : 3452, 1, 2024/03/03, 17:49:36.149, 469387662054, vstest.console.dll, AssemblyResolver.AddSearchDirectories: Adding more searchDirectories C:\Program Files\dotnet\sdk\5.0.300\Extensions,C:\Program Files\dotnet\sdk\5.0.300
TpTrace Information: 0 : 3452, 1, 2024/03/03, 17:49:36.149, 469387662417, vstest.console.dll, AssemblyResolver.AddSearchDirectories: Adding more searchDirectories C:\Program Files\dotnet\sdk\5.0.300\Extensions,C:\Program Files\dotnet\sdk\5.0.300
TpTrace Information: 0 : 3452, 1, 2024/03/03, 17:49:36.149, 469387662805, vstest.console.dll, AssemblyResolver.AddSearchDirectories: Adding more searchDirectories C:\Program Files\dotnet\sdk\5.0.300\Extensions,C:\Program Files\dotnet\sdk\5.0.300
TpTrace Information: 0 : 3452, 1, 2024/03/03, 17:49:36.149, 469387663090, vstest.console.dll, AssemblyResolver.AddSearchDirectories: Adding more searchDirectories C:\Program Files\dotnet\sdk\5.0.300\Extensions,C:\Program Files\dotnet\sdk\5.0.300
TpTrace Information: 0 : 3452, 1, 2024/03/03, 17:49:36.149, 469387663369, vstest.console.dll, AssemblyResolver.AddSearchDirectories: Adding more searchDirectories C:\Program Files\dotnet\sdk\5.0.300\Extensions,C:\Program Files\dotnet\sdk\5.0.300
TpTrace Information: 0 : 3452, 1, 2024/03/03, 17:49:36.150, 469387666651, vstest.console.dll, AssemblyResolver.OnResolve: Microsoft.Diagnostics.NETCore.Client: Resolving assembly.
TpTrace Information: 0 : 3452, 1, 2024/03/03, 17:49:36.150, 469387667199, vstest.console.dll, AssemblyResolver.OnResolve: Microsoft.Diagnostics.NETCore.Client: Searching in: 'C:\Program Files\dotnet\sdk\5.0.300\Extensions'.
TpTrace Information: 0 : 3452, 1, 2024/03/03, 17:49:36.150, 469387673458, vstest.console.dll, AssemblyResolver.OnResolve: Microsoft.Diagnostics.NETCore.Client: Loading assembly 'C:\Program Files\dotnet\sdk\5.0.300\Extensions\Microsoft.Diagnostics.NETCore.Client.dll'.
TpTrace Information: 0 : 3452, 1, 2024/03/03, 17:49:36.151, 469387681064, vstest.console.dll, AssemblyResolver.OnResolve: Resolved assembly: Microsoft.Diagnostics.NETCore.Client, from path: C:\Program Files\dotnet\sdk\5.0.300\Extensions\Microsoft.Diagnostics.NETCore.Client.dll
TpTrace Information: 0 : 3452, 1, 2024/03/03, 17:49:36.154, 469387712069, vstest.console.dll, AssemblyResolver.OnResolve: Microsoft.Bcl.AsyncInterfaces: Resolving assembly.
TpTrace Information: 0 : 3452, 1, 2024/03/03, 17:49:36.154, 469387713221, vstest.console.dll, AssemblyResolver.OnResolve: Microsoft.Bcl.AsyncInterfaces: Searching in: 'C:\Program Files\dotnet\sdk\5.0.300\Extensions'.
TpTrace Information: 0 : 3452, 1, 2024/03/03, 17:49:36.154, 469387713966, vstest.console.dll, AssemblyResolver.OnResolve: Microsoft.Bcl.AsyncInterfaces: Assembly path does not exist: 'C:\Program Files\dotnet\sdk\5.0.300\Extensions\Microsoft.Bcl.AsyncInterfaces.dll', returning.
TpTrace Information: 0 : 3452, 1, 2024/03/03, 17:49:36.154, 469387714483, vstest.console.dll, AssemblyResolver.OnResolve: Microsoft.Bcl.AsyncInterfaces: Assembly path does not exist: 'C:\Program Files\dotnet\sdk\5.0.300\Extensions\Microsoft.Bcl.AsyncInterfaces.exe', returning.
TpTrace Information: 0 : 3452, 1, 2024/03/03, 17:49:36.154, 469387714808, vstest.console.dll, AssemblyResolver.OnResolve: Microsoft.Bcl.AsyncInterfaces: Searching in: 'C:\Program Files\dotnet\sdk\5.0.300'.
TpTrace Information: 0 : 3452, 1, 2024/03/03, 17:49:36.154, 469387715323, vstest.console.dll, AssemblyResolver.OnResolve: Microsoft.Bcl.AsyncInterfaces: Assembly path does not exist: 'C:\Program Files\dotnet\sdk\5.0.300\Microsoft.Bcl.AsyncInterfaces.dll', returning.
TpTrace Information: 0 : 3452, 1, 2024/03/03, 17:49:36.154, 469387715852, vstest.console.dll, AssemblyResolver.OnResolve: Microsoft.Bcl.AsyncInterfaces: Assembly path does not exist: 'C:\Program Files\dotnet\sdk\5.0.300\Microsoft.Bcl.AsyncInterfaces.exe', returning.
TpTrace Information: 0 : 3452, 1, 2024/03/03, 17:49:36.155, 469387716594, vstest.console.dll, AssemblyResolver.OnResolve: Microsoft.Bcl.AsyncInterfaces: Failed to load assembly.
TpTrace Verbose: 0 : 3452, 1, 2024/03/03, 17:49:36.155, 469387717029, vstest.console.dll, CurrentDomainAssemblyResolve: Resolving assembly 'Microsoft.Bcl.AsyncInterfaces'.
TpTrace Information: 0 : 3452, 1, 2024/03/03, 17:49:36.155, 469387717701, vstest.console.dll, AssemblyResolver.OnResolve: Microsoft.Bcl.AsyncInterfaces: Resolving assembly.
TpTrace Information: 0 : 3452, 1, 2024/03/03, 17:49:36.155, 469387718074, vstest.console.dll, AssemblyResolver.OnResolve: Microsoft.Bcl.AsyncInterfaces: Resolved from cache.
TpTrace Verbose: 0 : 3452, 1, 2024/03/03, 17:49:36.155, 469387718421, vstest.console.dll, CurrentDomainAssemblyResolve: Resolving assembly 'Microsoft.Bcl.AsyncInterfaces'.
TpTrace Verbose: 0 : 3452, 1, 2024/03/03, 17:49:36.155, 469387718774, vstest.console.dll, CurrentDomainAssemblyResolve: Failed to resolve assembly 'Microsoft.Bcl.AsyncInterfaces'.
TpTrace Verbose: 0 : 3452, 1, 2024/03/03, 17:49:36.155, 469387724236, vstest.console.dll, CurrentDomainAssemblyResolve: Failed to resolve assembly 'Microsoft.Bcl.AsyncInterfaces'.
TpTrace Warning: 0 : 3452, 1, 2024/03/03, 17:49:36.167, 469387843040, vstest.console.dll, TestPluginDiscoverer: Failed to get types from assembly 'Microsoft.Diagnostics.NETCore.Client, Version=0.2.2.41902, Culture=neutral, PublicKeyToken=31bf3856ad364e35'.  Skipping test extension scan for this assembly.  Error: System.Reflection.ReflectionTypeLoadException: Unable to load one or more of the requested types.
Could not load file or assembly 'Microsoft.Bcl.AsyncInterfaces, Version=1.0.0.0, Culture=neutral, PublicKeyToken=cc7b13ffcd2ddd51'. The system cannot find the file specified.
   at System.Reflection.RuntimeModule.GetTypes(RuntimeModule module)
   at System.Reflection.RuntimeModule.GetTypes()
   at System.Reflection.Assembly.GetTypes()
   at Microsoft.VisualStudio.TestPlatform.Common.ExtensionFramework.TestPluginDiscoverer.GetTestExtensionsFromAssembly[TPluginInfo,TExtension](Assembly assembly, Dictionary`2 pluginInfos)
System.IO.FileNotFoundException: Could not load file or assembly 'Microsoft.Bcl.AsyncInterfaces, Version=1.0.0.0, Culture=neutral, PublicKeyToken=cc7b13ffcd2ddd51'. The system cannot find the file specified.
File name: 'Microsoft.Bcl.AsyncInterfaces, Version=1.0.0.0, Culture=neutral, PublicKeyToken=cc7b13ffcd2ddd51'
TpTrace Warning: 0 : 3452, 1, 2024/03/03, 17:49:36.167, 469387844130, vstest.console.dll, LoaderExceptions: System.IO.FileNotFoundException: Could not load file or assembly 'Microsoft.Bcl.AsyncInterfaces, Version=1.0.0.0, Culture=neutral, PublicKeyToken=cc7b13ffcd2ddd51'. The system cannot find the file specified.
File name: 'Microsoft.Bcl.AsyncInterfaces, Version=1.0.0.0, Culture=neutral, PublicKeyToken=cc7b13ffcd2ddd51'
TpTrace Information: 0 : 3452, 1, 2024/03/03, 17:49:36.167, 469387845182, vstest.console.dll, AssemblyResolver.OnResolve: Microsoft.TestPlatform.Extensions.BlameDataCollector: Resolving assembly.
TpTrace Information: 0 : 3452, 1, 2024/03/03, 17:49:36.167, 469387845632, vstest.console.dll, AssemblyResolver.OnResolve: Microsoft.TestPlatform.Extensions.BlameDataCollector: Searching in: 'C:\Program Files\dotnet\sdk\5.0.300\Extensions'.
TpTrace Information: 0 : 3452, 1, 2024/03/03, 17:49:36.168, 469387851208, vstest.console.dll, AssemblyResolver.OnResolve: Microsoft.TestPlatform.Extensions.BlameDataCollector: Loading assembly 'C:\Program Files\dotnet\sdk\5.0.300\Extensions\Microsoft.TestPlatform.Extensions.BlameDataCollector.dll'.
TpTrace Information: 0 : 3452, 1, 2024/03/03, 17:49:36.169, 469387858636, vstest.console.dll, AssemblyResolver.OnResolve: Resolved assembly: Microsoft.TestPlatform.Extensions.BlameDataCollector, from path: C:\Program Files\dotnet\sdk\5.0.300\Extensions\Microsoft.TestPlatform.Extensions.BlameDataCollector.dll
TpTrace Information: 0 : 3452, 1, 2024/03/03, 17:49:36.169, 469387864527, vstest.console.dll, AssemblyResolver.OnResolve: Microsoft.TestPlatform.Extensions.EventLogCollector: Resolving assembly.
TpTrace Information: 0 : 3452, 1, 2024/03/03, 17:49:36.169, 469387865136, vstest.console.dll, AssemblyResolver.OnResolve: Microsoft.TestPlatform.Extensions.EventLogCollector: Searching in: 'C:\Program Files\dotnet\sdk\5.0.300\Extensions'.
TpTrace Information: 0 : 3452, 1, 2024/03/03, 17:49:36.170, 469387870616, vstest.console.dll, AssemblyResolver.OnResolve: Microsoft.TestPlatform.Extensions.EventLogCollector: Loading assembly 'C:\Program Files\dotnet\sdk\5.0.300\Extensions\Microsoft.TestPlatform.Extensions.EventLogCollector.dll'.
TpTrace Information: 0 : 3452, 1, 2024/03/03, 17:49:36.171, 469387876820, vstest.console.dll, AssemblyResolver.OnResolve: Resolved assembly: Microsoft.TestPlatform.Extensions.EventLogCollector, from path: C:\Program Files\dotnet\sdk\5.0.300\Extensions\Microsoft.TestPlatform.Extensions.EventLogCollector.dll
TpTrace Information: 0 : 3452, 1, 2024/03/03, 17:49:36.173, 469387901017, vstest.console.dll, AssemblyResolver.OnResolve: Microsoft.TestPlatform.TestHostRuntimeProvider: Resolving assembly.
TpTrace Information: 0 : 3452, 1, 2024/03/03, 17:49:36.173, 469387901786, vstest.console.dll, AssemblyResolver.OnResolve: Microsoft.TestPlatform.TestHostRuntimeProvider: Searching in: 'C:\Program Files\dotnet\sdk\5.0.300\Extensions'.
TpTrace Information: 0 : 3452, 1, 2024/03/03, 17:49:36.174, 469387907650, vstest.console.dll, AssemblyResolver.OnResolve: Microsoft.TestPlatform.TestHostRuntimeProvider: Loading assembly 'C:\Program Files\dotnet\sdk\5.0.300\Extensions\Microsoft.TestPlatform.TestHostRuntimeProvider.dll'.
TpTrace Information: 0 : 3452, 1, 2024/03/03, 17:49:36.174, 469387916336, vstest.console.dll, AssemblyResolver.OnResolve: Resolved assembly: Microsoft.TestPlatform.TestHostRuntimeProvider, from path: C:\Program Files\dotnet\sdk\5.0.300\Extensions\Microsoft.TestPlatform.TestHostRuntimeProvider.dll
TpTrace Information: 0 : 3452, 1, 2024/03/03, 17:49:36.176, 469387928843, vstest.console.dll, AssemblyResolver.OnResolve: Microsoft.VisualStudio.TestPlatform.Extensions.Html.TestLogger: Resolving assembly.
TpTrace Information: 0 : 3452, 1, 2024/03/03, 17:49:36.176, 469387929973, vstest.console.dll, AssemblyResolver.OnResolve: Microsoft.VisualStudio.TestPlatform.Extensions.Html.TestLogger: Searching in: 'C:\Program Files\dotnet\sdk\5.0.300\Extensions'.
TpTrace Information: 0 : 3452, 1, 2024/03/03, 17:49:36.176, 469387935567, vstest.console.dll, AssemblyResolver.OnResolve: Microsoft.VisualStudio.TestPlatform.Extensions.Html.TestLogger: Loading assembly 'C:\Program Files\dotnet\sdk\5.0.300\Extensions\Microsoft.VisualStudio.TestPlatform.Extensions.Html.TestLogger.dll'.
TpTrace Information: 0 : 3452, 1, 2024/03/03, 17:49:36.177, 469387942468, vstest.console.dll, AssemblyResolver.OnResolve: Resolved assembly: Microsoft.VisualStudio.TestPlatform.Extensions.Html.TestLogger, from path: C:\Program Files\dotnet\sdk\5.0.300\Extensions\Microsoft.VisualStudio.TestPlatform.Extensions.Html.TestLogger.dll
TpTrace Information: 0 : 3452, 1, 2024/03/03, 17:49:36.177, 469387946176, vstest.console.dll, AssemblyResolver.OnResolve: Microsoft.VisualStudio.TestPlatform.Extensions.Trx.TestLogger: Resolving assembly.
TpTrace Information: 0 : 3452, 1, 2024/03/03, 17:49:36.178, 469387946802, vstest.console.dll, AssemblyResolver.OnResolve: Microsoft.VisualStudio.TestPlatform.Extensions.Trx.TestLogger: Searching in: 'C:\Program Files\dotnet\sdk\5.0.300\Extensions'.
TpTrace Information: 0 : 3452, 1, 2024/03/03, 17:49:36.178, 469387951395, vstest.console.dll, AssemblyResolver.OnResolve: Microsoft.VisualStudio.TestPlatform.Extensions.Trx.TestLogger: Loading assembly 'C:\Program Files\dotnet\sdk\5.0.300\Extensions\Microsoft.VisualStudio.TestPlatform.Extensions.Trx.TestLogger.dll'.
TpTrace Information: 0 : 3452, 1, 2024/03/03, 17:49:36.179, 469387958649, vstest.console.dll, AssemblyResolver.OnResolve: Resolved assembly: Microsoft.VisualStudio.TestPlatform.Extensions.Trx.TestLogger, from path: C:\Program Files\dotnet\sdk\5.0.300\Extensions\Microsoft.VisualStudio.TestPlatform.Extensions.Trx.TestLogger.dll
TpTrace Verbose: 0 : 3452, 1, 2024/03/03, 17:49:36.179, 469387964056, vstest.console.dll, TestPluginCache: Discovered the extensions using extension path ''.
TpTrace Verbose: 0 : 3452, 1, 2024/03/03, 17:49:36.179, 469387964783, vstest.console.dll, TestPluginCache: Discoverers are ''.
TpTrace Verbose: 0 : 3452, 1, 2024/03/03, 17:49:36.179, 469387965062, vstest.console.dll, TestPluginCache: Executors are ''.
TpTrace Verbose: 0 : 3452, 1, 2024/03/03, 17:49:36.179, 469387965299, vstest.console.dll, TestPluginCache: Executors2 are ''.
TpTrace Verbose: 0 : 3452, 1, 2024/03/03, 17:49:36.179, 469387965530, vstest.console.dll, TestPluginCache: Setting providers are ''.
TpTrace Verbose: 0 : 3452, 1, 2024/03/03, 17:49:36.179, 469387965759, vstest.console.dll, TestPluginCache: Loggers are ''.
TpTrace Information: 0 : 3452, 1, 2024/03/03, 17:49:36.184, 469388006625, vstest.console.dll, RunTestsArgumentProcessor:Execute: Test run is starting.
TpTrace Verbose: 0 : 3452, 1, 2024/03/03, 17:49:36.184, 469388007425, vstest.console.dll, RunTestsArgumentProcessor:Execute: Queuing Test run.
TpTrace Information: 0 : 3452, 1, 2024/03/03, 17:49:36.184, 469388008837, vstest.console.dll, TestRequestManager.RunTests: run tests started.
TpTrace Information: 0 : 3452, 1, 2024/03/03, 17:49:36.186, 469388032631, vstest.console.dll, AssemblyMetadataProvider.GetFrameWork: Determined framework:'.NETCoreApp,Version=v3.1' for source: 'C:\Users\samix\source\repos\TestJWKSServer\TestJWKSServer.Tests\bin\Debug\netcoreapp3.1\fine-code-coverage\build-output\TestJWKSServer.Tests.dll'
TpTrace Information: 0 : 3452, 1, 2024/03/03, 17:49:36.186, 469388034155, vstest.console.dll, Determined framework for all sources: .NETCoreApp,Version=v3.1
TpTrace Information: 0 : 3452, 1, 2024/03/03, 17:49:36.187, 469388037335, vstest.console.dll, AssemblyMetadataProvider.GetArchitecture: Determined architecture:AnyCPU info for assembly: C:\Users\samix\source\repos\TestJWKSServer\TestJWKSServer.Tests\bin\Debug\netcoreapp3.1\fine-code-coverage\build-output\TestJWKSServer.Tests.dll
TpTrace Information: 0 : 3452, 1, 2024/03/03, 17:49:36.188, 469388052041, vstest.console.dll, Determined platform for all sources: X64
TpTrace Information: 0 : 3452, 1, 2024/03/03, 17:49:36.190, 469388072723, vstest.console.dll, Compatible sources list : 
TpTrace Information: 0 : 3452, 1, 2024/03/03, 17:49:36.190, 469388073463, vstest.console.dll, C:\Users\samix\source\repos\TestJWKSServer\TestJWKSServer.Tests\bin\Debug\netcoreapp3.1\fine-code-coverage\build-output\TestJWKSServer.Tests.dll
TpTrace Information: 0 : 3452, 1, 2024/03/03, 17:49:36.192, 469388096317, vstest.console.dll, InferRunSettingsHelper.IsTestSettingsEnabled: Unable to navigate to RunSettings/MSTest. Current node: RunSettings
TpTrace Information: 0 : 3452, 1, 2024/03/03, 17:49:36.193, 469388105796, vstest.console.dll, AssemblyResolver.OnResolve: Microsoft.VisualStudio.TestPlatform.Fakes: Resolving assembly.
TpTrace Information: 0 : 3452, 1, 2024/03/03, 17:49:36.194, 469388106626, vstest.console.dll, AssemblyResolver.OnResolve: Microsoft.VisualStudio.TestPlatform.Fakes: Searching in: 'C:\Program Files\dotnet\sdk\5.0.300\Extensions'.
TpTrace Information: 0 : 3452, 1, 2024/03/03, 17:49:36.194, 469388107629, vstest.console.dll, AssemblyResolver.OnResolve: Microsoft.VisualStudio.TestPlatform.Fakes: Assembly path does not exist: 'C:\Program Files\dotnet\sdk\5.0.300\Extensions\Microsoft.VisualStudio.TestPlatform.Fakes.dll', returning.
TpTrace Information: 0 : 3452, 1, 2024/03/03, 17:49:36.194, 469388108176, vstest.console.dll, AssemblyResolver.OnResolve: Microsoft.VisualStudio.TestPlatform.Fakes: Assembly path does not exist: 'C:\Program Files\dotnet\sdk\5.0.300\Extensions\Microsoft.VisualStudio.TestPlatform.Fakes.exe', returning.
TpTrace Information: 0 : 3452, 1, 2024/03/03, 17:49:36.194, 469388108476, vstest.console.dll, AssemblyResolver.OnResolve: Microsoft.VisualStudio.TestPlatform.Fakes: Searching in: 'C:\Program Files\dotnet\sdk\5.0.300'.
TpTrace Information: 0 : 3452, 1, 2024/03/03, 17:49:36.194, 469388109020, vstest.console.dll, AssemblyResolver.OnResolve: Microsoft.VisualStudio.TestPlatform.Fakes: Assembly path does not exist: 'C:\Program Files\dotnet\sdk\5.0.300\Microsoft.VisualStudio.TestPlatform.Fakes.dll', returning.
TpTrace Information: 0 : 3452, 1, 2024/03/03, 17:49:36.194, 469388109585, vstest.console.dll, AssemblyResolver.OnResolve: Microsoft.VisualStudio.TestPlatform.Fakes: Assembly path does not exist: 'C:\Program Files\dotnet\sdk\5.0.300\Microsoft.VisualStudio.TestPlatform.Fakes.exe', returning.
TpTrace Information: 0 : 3452, 1, 2024/03/03, 17:49:36.194, 469388110006, vstest.console.dll, AssemblyResolver.OnResolve: Microsoft.VisualStudio.TestPlatform.Fakes: Failed to load assembly.
TpTrace Information: 0 : 3452, 1, 2024/03/03, 17:49:36.194, 469388113609, vstest.console.dll, Failed to create newly implemented Fakes Configurator. Reason:System.IO.FileNotFoundException: Could not load file or assembly 'Microsoft.VisualStudio.TestPlatform.Fakes, Version=16.0.0.0, Culture=neutral, PublicKeyToken=null'. The system cannot find the file specified.
File name: 'Microsoft.VisualStudio.TestPlatform.Fakes, Version=16.0.0.0, Culture=neutral, PublicKeyToken=null'
   at System.Reflection.RuntimeAssembly.InternalLoad(ObjectHandleOnStack assemblyName, ObjectHandleOnStack requestingAssembly, StackCrawlMarkHandle stackMark, Boolean throwOnFileNotFound, ObjectHandleOnStack assemblyLoadContext, ObjectHandleOnStack retAssembly)
   at System.Reflection.RuntimeAssembly.InternalLoad(AssemblyName assemblyName, RuntimeAssembly requestingAssembly, StackCrawlMark& stackMark, Boolean throwOnFileNotFound, AssemblyLoadContext assemblyLoadContext)
   at System.Reflection.Assembly.Load(AssemblyName assemblyRef)
   at Microsoft.VisualStudio.TestPlatform.Common.Utilities.FakesUtilities.TryGetFakesCrossPlatformDataCollectorConfigurator() 
TpTrace Verbose: 0 : 3452, 1, 2024/03/03, 17:49:36.198, 469388146979, vstest.console.dll, TestPluginCache.DiscoverTestExtensions: finding test extensions in assemblies ends with: TestLogger.dll TPluginInfo: Microsoft.VisualStudio.TestPlatform.Common.ExtensionFramework.Utilities.TestLoggerPluginInformation TExtension: Microsoft.VisualStudio.TestPlatform.ObjectModel.Client.ITestLogger
TpTrace Verbose: 0 : 3452, 1, 2024/03/03, 17:49:36.198, 469388148309, vstest.console.dll, TestPluginCache.GetExtensionPaths: Filtered extension paths: 
TpTrace Verbose: 0 : 3452, 1, 2024/03/03, 17:49:36.198, 469388148656, vstest.console.dll, TestPluginCache.GetExtensionPaths: Added default extension paths: C:\Program Files\dotnet\sdk\5.0.300\Extensions\Microsoft.Diagnostics.NETCore.Client.dll
C:\Program Files\dotnet\sdk\5.0.300\Extensions\Microsoft.TestPlatform.Extensions.BlameDataCollector.dll
C:\Program Files\dotnet\sdk\5.0.300\Extensions\Microsoft.TestPlatform.Extensions.EventLogCollector.dll
C:\Program Files\dotnet\sdk\5.0.300\Extensions\Microsoft.TestPlatform.TestHostRuntimeProvider.dll
C:\Program Files\dotnet\sdk\5.0.300\Extensions\Microsoft.VisualStudio.TestPlatform.Extensions.Html.TestLogger.dll
C:\Program Files\dotnet\sdk\5.0.300\Extensions\Microsoft.VisualStudio.TestPlatform.Extensions.Trx.TestLogger.dll
TpTrace Verbose: 0 : 3452, 1, 2024/03/03, 17:49:36.198, 469388148973, vstest.console.dll, TestPluginCache.GetExtensionPaths: Added unfilterableExtensionPaths: 
TpTrace Information: 0 : 3452, 1, 2024/03/03, 17:49:36.198, 469388150282, vstest.console.dll, AssemblyResolver.AddSearchDirectories: Adding more searchDirectories C:\Program Files\dotnet\sdk\5.0.300\Extensions,C:\Program Files\dotnet\sdk\5.0.300
TpTrace Verbose: 0 : 3452, 1, 2024/03/03, 17:49:36.198, 469388150691, vstest.console.dll, TestPluginCache.DiscoverTestExtensions: Discovering the extensions using extension path.
TpTrace Verbose: 0 : 3452, 1, 2024/03/03, 17:49:36.198, 469388150964, vstest.console.dll, TestPluginCache.GetExtensionPaths: Filtered extension paths: 
TpTrace Verbose: 0 : 3452, 1, 2024/03/03, 17:49:36.198, 469388151300, vstest.console.dll, TestPluginCache.GetExtensionPaths: Added default extension paths: C:\Program Files\dotnet\sdk\5.0.300\Extensions\Microsoft.Diagnostics.NETCore.Client.dll
C:\Program Files\dotnet\sdk\5.0.300\Extensions\Microsoft.TestPlatform.Extensions.BlameDataCollector.dll
C:\Program Files\dotnet\sdk\5.0.300\Extensions\Microsoft.TestPlatform.Extensions.EventLogCollector.dll
C:\Program Files\dotnet\sdk\5.0.300\Extensions\Microsoft.TestPlatform.TestHostRuntimeProvider.dll
C:\Program Files\dotnet\sdk\5.0.300\Extensions\Microsoft.VisualStudio.TestPlatform.Extensions.Html.TestLogger.dll
C:\Program Files\dotnet\sdk\5.0.300\Extensions\Microsoft.VisualStudio.TestPlatform.Extensions.Trx.TestLogger.dll
TpTrace Verbose: 0 : 3452, 1, 2024/03/03, 17:49:36.198, 469388151593, vstest.console.dll, TestPluginCache.GetExtensionPaths: Added unfilterableExtensionPaths: 
TpTrace Verbose: 0 : 3452, 1, 2024/03/03, 17:49:36.198, 469388151909, vstest.console.dll, TestPluginCache.DiscoverTestExtensions: Discovering the extensions using allExtensionPaths: C:\Program Files\dotnet\sdk\5.0.300\Extensions\Microsoft.Diagnostics.NETCore.Client.dll
C:\Program Files\dotnet\sdk\5.0.300\Extensions\Microsoft.TestPlatform.Extensions.BlameDataCollector.dll
C:\Program Files\dotnet\sdk\5.0.300\Extensions\Microsoft.TestPlatform.Extensions.EventLogCollector.dll
C:\Program Files\dotnet\sdk\5.0.300\Extensions\Microsoft.TestPlatform.TestHostRuntimeProvider.dll
C:\Program Files\dotnet\sdk\5.0.300\Extensions\Microsoft.VisualStudio.TestPlatform.Extensions.Html.TestLogger.dll
C:\Program Files\dotnet\sdk\5.0.300\Extensions\Microsoft.VisualStudio.TestPlatform.Extensions.Trx.TestLogger.dll
TpTrace Information: 0 : 3452, 1, 2024/03/03, 17:49:36.198, 469388152284, vstest.console.dll, AssemblyResolver.AddSearchDirectories: Adding more searchDirectories C:\Program Files\dotnet\sdk\5.0.300\Extensions,C:\Program Files\dotnet\sdk\5.0.300
TpTrace Information: 0 : 3452, 1, 2024/03/03, 17:49:36.198, 469388152629, vstest.console.dll, AssemblyResolver.AddSearchDirectories: Adding more searchDirectories C:\Program Files\dotnet\sdk\5.0.300\Extensions,C:\Program Files\dotnet\sdk\5.0.300
TpTrace Information: 0 : 3452, 1, 2024/03/03, 17:49:36.198, 469388152901, vstest.console.dll, AssemblyResolver.AddSearchDirectories: Adding more searchDirectories C:\Program Files\dotnet\sdk\5.0.300\Extensions,C:\Program Files\dotnet\sdk\5.0.300
TpTrace Information: 0 : 3452, 1, 2024/03/03, 17:49:36.198, 469388153173, vstest.console.dll, AssemblyResolver.AddSearchDirectories: Adding more searchDirectories C:\Program Files\dotnet\sdk\5.0.300\Extensions,C:\Program Files\dotnet\sdk\5.0.300
TpTrace Information: 0 : 3452, 1, 2024/03/03, 17:49:36.198, 469388153501, vstest.console.dll, AssemblyResolver.AddSearchDirectories: Adding more searchDirectories C:\Program Files\dotnet\sdk\5.0.300\Extensions,C:\Program Files\dotnet\sdk\5.0.300
TpTrace Information: 0 : 3452, 1, 2024/03/03, 17:49:36.198, 469388153769, vstest.console.dll, AssemblyResolver.AddSearchDirectories: Adding more searchDirectories C:\Program Files\dotnet\sdk\5.0.300\Extensions,C:\Program Files\dotnet\sdk\5.0.300
TpTrace Information: 0 : 3452, 1, 2024/03/03, 17:49:36.198, 469388155898, vstest.console.dll, AssemblyResolver.OnResolve: Microsoft.Bcl.AsyncInterfaces: Resolving assembly.
TpTrace Information: 0 : 3452, 1, 2024/03/03, 17:49:36.198, 469388156294, vstest.console.dll, AssemblyResolver.OnResolve: Microsoft.Bcl.AsyncInterfaces: Resolved from cache.
TpTrace Verbose: 0 : 3452, 1, 2024/03/03, 17:49:36.199, 469388156589, vstest.console.dll, CurrentDomainAssemblyResolve: Resolving assembly 'Microsoft.Bcl.AsyncInterfaces'.
TpTrace Information: 0 : 3452, 1, 2024/03/03, 17:49:36.199, 469388157030, vstest.console.dll, AssemblyResolver.OnResolve: Microsoft.Bcl.AsyncInterfaces: Resolving assembly.
TpTrace Information: 0 : 3452, 1, 2024/03/03, 17:49:36.199, 469388157307, vstest.console.dll, AssemblyResolver.OnResolve: Microsoft.Bcl.AsyncInterfaces: Resolved from cache.
TpTrace Verbose: 0 : 3452, 1, 2024/03/03, 17:49:36.199, 469388157584, vstest.console.dll, CurrentDomainAssemblyResolve: Resolving assembly 'Microsoft.Bcl.AsyncInterfaces'.
TpTrace Verbose: 0 : 3452, 1, 2024/03/03, 17:49:36.199, 469388157845, vstest.console.dll, CurrentDomainAssemblyResolve: Failed to resolve assembly 'Microsoft.Bcl.AsyncInterfaces'.
TpTrace Verbose: 0 : 3452, 1, 2024/03/03, 17:49:36.199, 469388159199, vstest.console.dll, CurrentDomainAssemblyResolve: Failed to resolve assembly 'Microsoft.Bcl.AsyncInterfaces'.
TpTrace Warning: 0 : 3452, 1, 2024/03/03, 17:49:36.199, 469388161472, vstest.console.dll, TestPluginDiscoverer: Failed to get types from assembly 'Microsoft.Diagnostics.NETCore.Client, Version=0.2.2.41902, Culture=neutral, PublicKeyToken=31bf3856ad364e35'.  Skipping test extension scan for this assembly.  Error: System.Reflection.ReflectionTypeLoadException: Unable to load one or more of the requested types.
Could not load file or assembly 'Microsoft.Bcl.AsyncInterfaces, Version=1.0.0.0, Culture=neutral, PublicKeyToken=cc7b13ffcd2ddd51'. The system cannot find the file specified.
   at System.Reflection.RuntimeModule.GetTypes(RuntimeModule module)
   at System.Reflection.RuntimeModule.GetTypes()
   at System.Reflection.Assembly.GetTypes()
   at Microsoft.VisualStudio.TestPlatform.Common.ExtensionFramework.TestPluginDiscoverer.GetTestExtensionsFromAssembly[TPluginInfo,TExtension](Assembly assembly, Dictionary`2 pluginInfos)
System.IO.FileNotFoundException: Could not load file or assembly 'Microsoft.Bcl.AsyncInterfaces, Version=1.0.0.0, Culture=neutral, PublicKeyToken=cc7b13ffcd2ddd51'. The system cannot find the file specified.
File name: 'Microsoft.Bcl.AsyncInterfaces, Version=1.0.0.0, Culture=neutral, PublicKeyToken=cc7b13ffcd2ddd51'
TpTrace Warning: 0 : 3452, 1, 2024/03/03, 17:49:36.199, 469388161924, vstest.console.dll, LoaderExceptions: System.IO.FileNotFoundException: Could not load file or assembly 'Microsoft.Bcl.AsyncInterfaces, Version=1.0.0.0, Culture=neutral, PublicKeyToken=cc7b13ffcd2ddd51'. The system cannot find the file specified.
File name: 'Microsoft.Bcl.AsyncInterfaces, Version=1.0.0.0, Culture=neutral, PublicKeyToken=cc7b13ffcd2ddd51'
TpTrace Verbose: 0 : 3452, 1, 2024/03/03, 17:49:36.199, 469388165701, vstest.console.dll, TestPluginCache: Discovered the extensions using extension path ''.
TpTrace Verbose: 0 : 3452, 1, 2024/03/03, 17:49:36.199, 469388166058, vstest.console.dll, TestPluginCache: Discoverers are ''.
TpTrace Verbose: 0 : 3452, 1, 2024/03/03, 17:49:36.199, 469388166300, vstest.console.dll, TestPluginCache: Executors are ''.
TpTrace Verbose: 0 : 3452, 1, 2024/03/03, 17:49:36.200, 469388166565, vstest.console.dll, TestPluginCache: Executors2 are ''.
TpTrace Verbose: 0 : 3452, 1, 2024/03/03, 17:49:36.200, 469388166801, vstest.console.dll, TestPluginCache: Setting providers are ''.
TpTrace Verbose: 0 : 3452, 1, 2024/03/03, 17:49:36.200, 469388167359, vstest.console.dll, TestPluginCache: Loggers are 'logger://Microsoft/TestPlatform/Extensions/Blame/v1,logger://Microsoft/TestPlatform/HtmlLogger/v1,logger://Microsoft/TestPlatform/TrxLogger/v1'.
TpTrace Information: 0 : 3452, 1, 2024/03/03, 17:49:36.200, 469388172317, vstest.console.dll, TestPluginManager.CreateTestExtension: Attempting to load test extension: Microsoft.TestPlatform.Extensions.BlameDataCollector.BlameLogger
TpTrace Information: 0 : 3452, 1, 2024/03/03, 17:49:36.207, 469388243926, vstest.console.dll, TestPluginManager.CreateTestExtension: Attempting to load test extension: Microsoft.VisualStudio.TestPlatform.CrossPlatEngine.Hosting.DefaultTestHostManager
TpTrace Information: 0 : 3452, 1, 2024/03/03, 17:49:36.207, 469388246357, vstest.console.dll, TestPluginManager.CreateTestExtension: Attempting to load test extension: Microsoft.VisualStudio.TestPlatform.CrossPlatEngine.Hosting.DotnetTestHostManager
TpTrace Verbose: 0 : 3452, 1, 2024/03/03, 17:49:36.208, 469388250417, vstest.console.dll, TestEngine: Initializing Parallel Execution as MaxCpuCount is set to: 1
TpTrace Information: 0 : 3452, 1, 2024/03/03, 17:49:36.208, 469388254720, vstest.console.dll, InferRunSettingsHelper.IsTestSettingsEnabled: Unable to navigate to RunSettings/MSTest. Current node: RunSettings
TpTrace Verbose: 0 : 3452, 1, 2024/03/03, 17:49:36.221, 469388379824, vstest.console.dll, TestRequestSender is acting as server
TpTrace Verbose: 0 : 3452, 4, 2024/03/03, 17:49:36.224, 469388415736, vstest.console.dll, DataCollectionRequestSender.InitializeCommunication : Initialize communication. 
TpTrace Information: 0 : 3452, 4, 2024/03/03, 17:49:36.236, 469388529531, vstest.console.dll, Listening on Endpoint : 127.0.0.1:51562
TpTrace Verbose: 0 : 3452, 4, 2024/03/03, 17:49:36.248, 469388652181, vstest.console.dll, DotnetDataCollectionLauncher: Full path of dotnet.exe is C:\Program Files\dotnet\dotnet.exe
TpTrace Verbose: 0 : 3452, 4, 2024/03/03, 17:49:36.248, 469388653601, vstest.console.dll, DotnetDataCollectionLauncher: Adding  --runtimeconfig "C:\Program Files\dotnet\sdk\5.0.300\datacollector.runtimeconfig.json" in args
TpTrace Verbose: 0 : 3452, 4, 2024/03/03, 17:49:36.248, 469388654330, vstest.console.dll, DotnetDataCollectionLauncher: Adding  --depsfile "C:\Program Files\dotnet\sdk\5.0.300\datacollector.deps.json" in args
TpTrace Information: 0 : 3452, 4, 2024/03/03, 17:49:36.257, 469388744871, vstest.console.dll, ProxyDataCollectionManager.Initialize: Launched datacollector processId: 8656 port: 51562
TpTrace Information: 0 : 3452, 4, 2024/03/03, 17:49:36.258, 469388747048, vstest.console.dll, ProxyDataCollectionManager.Initialize: waiting for connection with timeout: 90 seconds
TpTrace Verbose: 0 : 3452, 4, 2024/03/03, 17:49:36.258, 469388747932, vstest.console.dll, DataCollectionRequestSender.WaitForRequestHandlerConnection : Waiting for connection with timeout: 90000
TpTrace Information: 0 : 3452, 7, 2024/03/03, 17:49:36.418, 469390352161, vstest.console.dll, Using the buffer size of 16384 bytes
TpTrace Information: 0 : 3452, 7, 2024/03/03, 17:49:36.418, 469390353227, vstest.console.dll, Accepted Client request and set the flag
TpTrace Verbose: 0 : 3452, 4, 2024/03/03, 17:49:36.418, 469390353241, vstest.console.dll, ProxyDataCollectionManager.InvokeDataCollectionServiceAction: Starting.
TpTrace Information: 0 : 3452, 4, 2024/03/03, 17:49:36.418, 469390354969, vstest.console.dll, ProxyDataCollectionManager.BeforeTestRunStart: Get environment variable and port for datacollector processId: 8656 port: 51562
TpTrace Verbose: 0 : 3452, 4, 2024/03/03, 17:49:36.418, 469390356327, vstest.console.dll, DataCollectionRequestSender.SendBeforeTestRunStartAndGetResult : Send BeforeTestRunStart message with settingsXml <RunSettings><RunConfiguration><ResultsDirectory>C:\Users\samix\source\repos\TestJWKSServer\TestJWKSServer.Tests\bin\Debug\netcoreapp3.1\fine-code-coverage\coverage-tool-output</ResultsDirectory><TargetPlatform>X64</TargetPlatform><TargetFrameworkVersion>.NETCoreApp,Version=v3.1</TargetFrameworkVersion><DesignMode>False</DesignMode><CollectSourceInformation>False</CollectSourceInformation><TestAdaptersPaths>C:\Program Files\dotnet\sdk\5.0.300\Extensions</TestAdaptersPaths></RunConfiguration><LoggerRunSettings><Loggers><Logger friendlyName="blame" enabled="True" /><Logger friendlyName="Console" uri="logger://microsoft/TestPlatform/ConsoleLogger/v1" assemblyQualifiedName="Microsoft.VisualStudio.TestPlatform.CommandLine.Internal.ConsoleLogger, vstest.console, Version=15.0.0.0, Culture=neutral, PublicKeyToken=b03f5f7f11d50a3a" codeBase="C:\Program Files\dotnet\sdk\5.0.300\vstest.console.dll" enabled="True" /></Loggers></LoggerRunSettings><DataCollectionRunSettings><DataCollectors><DataCollector friendlyName="blame" enabled="True"><Configuration><ResultsDirectory>C:\Users\samix\source\repos\TestJWKSServer\TestJWKSServer.Tests\bin\Debug\netcoreapp3.1\fine-code-coverage\coverage-tool-output</ResultsDirectory></Configuration></DataCollector></DataCollectors></DataCollectionRunSettings></RunSettings> and sources System.Linq.Enumerable+Concat2Iterator`1[System.String]: 
TpTrace Verbose: 0 : 3452, 4, 2024/03/03, 17:49:36.484, 469391014802, vstest.console.dll, DataCollectionRequestSender.SendBeforeTestRunStartAndGetResult : Received message: (DataCollection.SendMessage) -> {
  "FriendlyName": null,
  "Uri": null,
  "TestCaseId": "00000000-0000-0000-0000-000000000000",
  "Message": "Logging DataCollector Diagnostics in file: C:\\Users\\samix\\source\\repos\\TestJWKSServer\\TestJWKSServer.Tests\\bin\\Debug\\netcoreapp3.1\\fine-code-coverage\\coverage-tool-output\\diagnostics.datacollector.24-03-03_17-49-36_24428_4.log",
  "Level": 0
}
TpTrace Verbose: 0 : 3452, 4, 2024/03/03, 17:49:36.545, 469391619816, vstest.console.dll, DataCollectionRequestSender.SendBeforeTestRunStartAndGetResult : Received message: (DataCollection.BeforeTestRunStartResult) -> {
  "EnvironmentVariables": {},
  "DataCollectionEventsPort": 51565
}
TpTrace Information: 0 : 3452, 4, 2024/03/03, 17:49:36.548, 469391651187, vstest.console.dll, ProxyDataCollectionManager.BeforeTestRunStart: SendBeforeTestRunStartAndGetResult successful, env variable from datacollector:   and testhost port: 51565
TpTrace Information: 0 : 3452, 4, 2024/03/03, 17:49:36.548, 469391651977, vstest.console.dll, ProxyDataCollectionManager.InvokeDataCollectionServiceAction: Completed.
TpTrace Verbose: 0 : 3452, 1, 2024/03/03, 17:49:36.548, 469391653273, vstest.console.dll, TestRunRequest.ExecuteAsync: Creating test run request.
TpTrace Verbose: 0 : 3452, 1, 2024/03/03, 17:49:36.548, 469391655692, vstest.console.dll, TestRunRequest.ExecuteAsync: Starting.
TpTrace Information: 0 : 3452, 1, 2024/03/03, 17:49:36.549, 469391657784, vstest.console.dll, TestRunRequest.ExecuteAsync: Starting run with settings:TestRunCriteria:
   KeepAlive=False,FrequencyOfRunStatsChangeEvent=10,RunStatsChangeEventTimeout=00:00:01.5000000,TestCaseFilter=,TestExecutorLauncher=
   Settingsxml=<RunSettings>
  <RunConfiguration>
    <ResultsDirectory>C:\Users\samix\source\repos\TestJWKSServer\TestJWKSServer.Tests\bin\Debug\netcoreapp3.1\fine-code-coverage\coverage-tool-output</ResultsDirectory>
    <TargetPlatform>X64</TargetPlatform>
    <TargetFrameworkVersion>.NETCoreApp,Version=v3.1</TargetFrameworkVersion>
    <DesignMode>False</DesignMode>
    <CollectSourceInformation>False</CollectSourceInformation>
  </RunConfiguration>
  <LoggerRunSettings>
    <Loggers>
      <Logger friendlyName="blame" enabled="True" />
      <Logger friendlyName="Console" uri="logger://microsoft/TestPlatform/ConsoleLogger/v1" assemblyQualifiedName="Microsoft.VisualStudio.TestPlatform.CommandLine.Internal.ConsoleLogger, vstest.console, Version=15.0.0.0, Culture=neutral, PublicKeyToken=b03f5f7f11d50a3a" codeBase="C:\Program Files\dotnet\sdk\5.0.300\vstest.console.dll" enabled="True" />
    </Loggers>
  </LoggerRunSettings>
  <DataCollectionRunSettings>
    <DataCollectors>
      <DataCollector friendlyName="blame" enabled="True">
        <Configuration>
          <ResultsDirectory>C:\Users\samix\source\repos\TestJWKSServer\TestJWKSServer.Tests\bin\Debug\netcoreapp3.1\fine-code-coverage\coverage-tool-output</ResultsDirectory>
        </Configuration>
      </DataCollector>
    </DataCollectors>
  </DataCollectionRunSettings>
</RunSettings>

TpTrace Verbose: 0 : 3452, 1, 2024/03/03, 17:49:36.549, 469391658253, vstest.console.dll, TestRunRequest.ExecuteAsync: Wait for the first run request is over.
TpTrace Verbose: 0 : 3452, 1, 2024/03/03, 17:49:36.549, 469391661444, vstest.console.dll, ParallelProxyExecutionManager: Start execution. Total sources: 1
TpTrace Information: 0 : 3452, 1, 2024/03/03, 17:49:36.550, 469391667226, vstest.console.dll, ProxyParallelExecutionManager: Triggering test run for next source: C:\Users\samix\source\repos\TestJWKSServer\TestJWKSServer.Tests\bin\Debug\netcoreapp3.1\fine-code-coverage\build-output\TestJWKSServer.Tests.dll
TpTrace Verbose: 0 : 3452, 4, 2024/03/03, 17:49:36.550, 469391668778, vstest.console.dll, ParallelProxyExecutionManager: Execution started. Started clients: 1
TpTrace Verbose: 0 : 3452, 1, 2024/03/03, 17:49:36.550, 469391668972, vstest.console.dll, ProxyParallelExecutionManager: No sources available for execution.
TpTrace Information: 0 : 3452, 1, 2024/03/03, 17:49:36.550, 469391669929, vstest.console.dll, TestRunRequest.ExecuteAsync: Started.
TpTrace Verbose: 0 : 3452, 1, 2024/03/03, 17:49:36.550, 469391670739, vstest.console.dll, TestRunRequest.WaitForCompletion: Waiting with timeout -1.
TpTrace Verbose: 0 : 3452, 4, 2024/03/03, 17:49:36.550, 469391671476, vstest.console.dll, TestRunRequest:SendTestRunMessage: Starting.
TpTrace Information: 0 : 3452, 4, 2024/03/03, 17:49:36.550, 469391672584, vstest.console.dll, TestRunRequest:SendTestRunMessage: Completed.
TpTrace Verbose: 0 : 3452, 4, 2024/03/03, 17:49:36.550, 469391674405, vstest.console.dll, ProxyExecutionManager: Test host is always Lazy initialize.
TpTrace Verbose: 0 : 3452, 4, 2024/03/03, 17:49:36.550, 469391676163, vstest.console.dll, TestRequestSender.InitializeCommunication: initialize communication. 
TpTrace Information: 0 : 3452, 4, 2024/03/03, 17:49:36.551, 469391680765, vstest.console.dll, SocketServer.Start: Listening on endpoint : 127.0.0.1:51566
TpTrace Verbose: 0 : 3452, 4, 2024/03/03, 17:49:36.552, 469391686443, vstest.console.dll, DotnetTestHostmanager: Adding  --runtimeconfig "C:\Users\samix\source\repos\TestJWKSServer\TestJWKSServer.Tests\bin\Debug\netcoreapp3.1\fine-code-coverage\build-output\TestJWKSServer.Tests.runtimeconfig.json" in args
TpTrace Verbose: 0 : 3452, 4, 2024/03/03, 17:49:36.552, 469391687459, vstest.console.dll, DotnetTestHostmanager: Adding  --depsfile "C:\Users\samix\source\repos\TestJWKSServer\TestJWKSServer.Tests\bin\Debug\netcoreapp3.1\fine-code-coverage\build-output\TestJWKSServer.Tests.deps.json" in args
TpTrace Verbose: 0 : 3452, 4, 2024/03/03, 17:49:36.552, 469391689139, vstest.console.dll, DotnetTestHostManager: Testhost.exe/testhost.x86.exe found at path: C:\Users\samix\source\repos\TestJWKSServer\TestJWKSServer.Tests\bin\Debug\netcoreapp3.1\fine-code-coverage\build-output\testhost.exe
TpTrace Verbose: 0 : 3452, 4, 2024/03/03, 17:49:36.552, 469391689647, vstest.console.dll, DotnetTestHostmanager: Full path of host exe is C:\Users\samix\source\repos\TestJWKSServer\TestJWKSServer.Tests\bin\Debug\netcoreapp3.1\fine-code-coverage\build-output\testhost.exe
TpTrace Verbose: 0 : 3452, 6, 2024/03/03, 17:49:36.553, 469391696917, vstest.console.dll, DotnetTestHostManager: Starting process 'C:\Users\samix\source\repos\TestJWKSServer\TestJWKSServer.Tests\bin\Debug\netcoreapp3.1\fine-code-coverage\build-output\testhost.exe' with command line ' --runtimeconfig "C:\Users\samix\source\repos\TestJWKSServer\TestJWKSServer.Tests\bin\Debug\netcoreapp3.1\fine-code-coverage\build-output\TestJWKSServer.Tests.runtimeconfig.json" --depsfile "C:\Users\samix\source\repos\TestJWKSServer\TestJWKSServer.Tests\bin\Debug\netcoreapp3.1\fine-code-coverage\build-output\TestJWKSServer.Tests.deps.json" --port 51566 --endpoint 127.0.0.1:051566 --role client --parentprocessid 3452 --diag "C:\Users\samix\source\repos\TestJWKSServer\TestJWKSServer.Tests\bin\Debug\netcoreapp3.1\fine-code-coverage\coverage-tool-output\diagnostics.host.24-03-03_17-49-36_55168_4.log" --tracelevel 4 --datacollectionport 51565 --telemetryoptedin false'
TpTrace Verbose: 0 : 3452, 6, 2024/03/03, 17:49:36.562, 469391790954, vstest.console.dll, Test Runtime launched
TpTrace Verbose: 0 : 3452, 4, 2024/03/03, 17:49:36.563, 469391799465, vstest.console.dll, TestRequestSender.WaitForRequestHandlerConnection: waiting for connection with timeout: 90000
TpTrace Verbose: 0 : 3452, 12, 2024/03/03, 17:49:36.735, 469393517927, vstest.console.dll, SocketServer.OnClientConnected: Client connected for endPoint: 127.0.0.1:51566, starting MessageLoopAsync:
TpTrace Verbose: 0 : 3452, 12, 2024/03/03, 17:49:36.735, 469393520545, vstest.console.dll, TcpClientExtensions.MessageLoopAsync: Polling on remoteEndPoint: 127.0.0.1:51567 localEndPoint: 127.0.0.1:51566
TpTrace Verbose: 0 : 3452, 12, 2024/03/03, 17:49:36.869, 469394860002, vstest.console.dll, TcpClientExtensions.MessageLoopAsync: NotifyDataAvailable remoteEndPoint: 127.0.0.1:51567 localEndPoint: 127.0.0.1:51566
TpTrace Verbose: 0 : 3452, 12, 2024/03/03, 17:49:36.869, 469394862678, vstest.console.dll, TestRequestSender.CheckVersionWithTestHost: onMessageReceived received message: (ProtocolVersion) -> 3
TpTrace Verbose: 0 : 3452, 12, 2024/03/03, 17:49:36.869, 469394866346, vstest.console.dll, TcpClientExtensions.MessageLoopAsync: Polling on remoteEndPoint: 127.0.0.1:51567 localEndPoint: 127.0.0.1:51566
TpTrace Verbose: 0 : 3452, 4, 2024/03/03, 17:49:36.870, 469394867523, vstest.console.dll, TestPluginCache.GetExtensionPaths: Filtered extension paths: 
TpTrace Verbose: 0 : 3452, 4, 2024/03/03, 17:49:36.870, 469394868346, vstest.console.dll, TestPluginCache.GetExtensionPaths: Added default extension paths: C:\Program Files\dotnet\sdk\5.0.300\Extensions\Microsoft.Diagnostics.NETCore.Client.dll
C:\Program Files\dotnet\sdk\5.0.300\Extensions\Microsoft.TestPlatform.Extensions.BlameDataCollector.dll
C:\Program Files\dotnet\sdk\5.0.300\Extensions\Microsoft.TestPlatform.Extensions.EventLogCollector.dll
C:\Program Files\dotnet\sdk\5.0.300\Extensions\Microsoft.TestPlatform.TestHostRuntimeProvider.dll
C:\Program Files\dotnet\sdk\5.0.300\Extensions\Microsoft.VisualStudio.TestPlatform.Extensions.Html.TestLogger.dll
C:\Program Files\dotnet\sdk\5.0.300\Extensions\Microsoft.VisualStudio.TestPlatform.Extensions.Trx.TestLogger.dll
TpTrace Verbose: 0 : 3452, 4, 2024/03/03, 17:49:36.870, 469394868934, vstest.console.dll, TestPluginCache.GetExtensionPaths: Added unfilterableExtensionPaths: 
TpTrace Verbose: 0 : 3452, 4, 2024/03/03, 17:49:36.872, 469394893193, vstest.console.dll, TestRequestSender.InitializeExecution: Sending initializing execution with message: {"Version":3,"MessageType":"TestExecution.Initialize","Payload":["C:\\Users\\samix\\source\\repos\\TestJWKSServer\\TestJWKSServer.Tests\\bin\\Debug\\netcoreapp3.1\\fine-code-coverage\\build-output\\xunit.runner.visualstudio.dotnetcore.testadapter.dll"]}
TpTrace Verbose: 0 : 3452, 4, 2024/03/03, 17:49:36.878, 469394951962, vstest.console.dll, TestRequestSender.StartTestRun: Sending test run with message: {"Version":3,"MessageType":"TestExecution.StartWithSources","Payload":{"AdapterSourceMap":{"_none_":["C:\\Users\\samix\\source\\repos\\TestJWKSServer\\TestJWKSServer.Tests\\bin\\Debug\\netcoreapp3.1\\fine-code-coverage\\build-output\\TestJWKSServer.Tests.dll"]},"RunSettings":"<RunSettings>\r\n  <RunConfiguration>\r\n    <ResultsDirectory>C:\\Users\\samix\\source\\repos\\TestJWKSServer\\TestJWKSServer.Tests\\bin\\Debug\\netcoreapp3.1\\fine-code-coverage\\coverage-tool-output</ResultsDirectory>\r\n    <TargetPlatform>X64</TargetPlatform>\r\n    <TargetFrameworkVersion>.NETCoreApp,Version=v3.1</TargetFrameworkVersion>\r\n    <DesignMode>False</DesignMode>\r\n    <CollectSourceInformation>False</CollectSourceInformation>\r\n  </RunConfiguration>\r\n  <LoggerRunSettings>\r\n    <Loggers>\r\n      <Logger friendlyName=\"blame\" enabled=\"True\" />\r\n      <Logger friendlyName=\"Console\" uri=\"logger://microsoft/TestPlatform/ConsoleLogger/v1\" assemblyQualifiedName=\"Microsoft.VisualStudio.TestPlatform.CommandLine.Internal.ConsoleLogger, vstest.console, Version=15.0.0.0, Culture=neutral, PublicKeyToken=b03f5f7f11d50a3a\" codeBase=\"C:\\Program Files\\dotnet\\sdk\\5.0.300\\vstest.console.dll\" enabled=\"True\" />\r\n    </Loggers>\r\n  </LoggerRunSettings>\r\n  <DataCollectionRunSettings>\r\n    <DataCollectors>\r\n      <DataCollector friendlyName=\"blame\" enabled=\"True\">\r\n        <Configuration>\r\n          <ResultsDirectory>C:\\Users\\samix\\source\\repos\\TestJWKSServer\\TestJWKSServer.Tests\\bin\\Debug\\netcoreapp3.1\\fine-code-coverage\\coverage-tool-output</ResultsDirectory>\r\n        </Configuration>\r\n      </DataCollector>\r\n    </DataCollectors>\r\n  </DataCollectionRunSettings>\r\n</RunSettings>","TestExecutionContext":{"FrequencyOfRunStatsChangeEvent":10,"RunStatsChangeEventTimeout":"00:00:01.5000000","InIsolation":false,"KeepAlive":false,"AreTestCaseLevelEventsRequired":false,"IsDebug":false,"TestCaseFilter":null,"FilterOptions":null},"Package":null}}
TpTrace Verbose: 0 : 3452, 12, 2024/03/03, 17:49:36.879, 469394959069, vstest.console.dll, TcpClientExtensions.MessageLoopAsync: NotifyDataAvailable remoteEndPoint: 127.0.0.1:51567 localEndPoint: 127.0.0.1:51566
TpTrace Verbose: 0 : 3452, 12, 2024/03/03, 17:49:36.879, 469394960328, vstest.console.dll, TestRequestSender.OnExecutionMessageReceived: Received message: {"Version":3,"MessageType":"TestSession.Message","Payload":{"MessageLevel":0,"Message":"Logging TestHost Diagnostics in file: C:\\Users\\samix\\source\\repos\\TestJWKSServer\\TestJWKSServer.Tests\\bin\\Debug\\netcoreapp3.1\\fine-code-coverage\\coverage-tool-output\\diagnostics.host.24-03-03_17-49-36_55168_4.log"}}
TpTrace Verbose: 0 : 3452, 12, 2024/03/03, 17:49:36.880, 469394975614, vstest.console.dll, TestRunRequest:SendTestRunMessage: Starting.
TpTrace Information: 0 : 3452, 12, 2024/03/03, 17:49:36.881, 469394976772, vstest.console.dll, TestRunRequest:SendTestRunMessage: Completed.
TpTrace Verbose: 0 : 3452, 12, 2024/03/03, 17:49:36.881, 469394977203, vstest.console.dll, TcpClientExtensions.MessageLoopAsync: Polling on remoteEndPoint: 127.0.0.1:51567 localEndPoint: 127.0.0.1:51566
TpTrace Verbose: 0 : 3452, 12, 2024/03/03, 17:49:37.012, 469396286777, vstest.console.dll, TcpClientExtensions.MessageLoopAsync: NotifyDataAvailable remoteEndPoint: 127.0.0.1:51567 localEndPoint: 127.0.0.1:51566
TpTrace Verbose: 0 : 3452, 12, 2024/03/03, 17:49:37.012, 469396288150, vstest.console.dll, TestRequestSender.OnExecutionMessageReceived: Received message: {"Version":3,"MessageType":"TestSession.Message","Payload":{"MessageLevel":0,"Message":"[xUnit.net 00:00:00.00] xUnit.net VSTest Adapter v2.4.3+1b45f5407b (64-bit .NET Core 3.1.15)"}}
TpTrace Verbose: 0 : 3452, 12, 2024/03/03, 17:49:37.012, 469396290322, vstest.console.dll, TestRunRequest:SendTestRunMessage: Starting.
TpTrace Information: 0 : 3452, 12, 2024/03/03, 17:49:37.012, 469396290933, vstest.console.dll, TestRunRequest:SendTestRunMessage: Completed.
TpTrace Verbose: 0 : 3452, 12, 2024/03/03, 17:49:37.012, 469396291286, vstest.console.dll, TcpClientExtensions.MessageLoopAsync: Polling on remoteEndPoint: 127.0.0.1:51567 localEndPoint: 127.0.0.1:51566
TpTrace Verbose: 0 : 3452, 12, 2024/03/03, 17:49:37.559, 469401764105, vstest.console.dll, TcpClientExtensions.MessageLoopAsync: NotifyDataAvailable remoteEndPoint: 127.0.0.1:51567 localEndPoint: 127.0.0.1:51566
TpTrace Verbose: 0 : 3452, 12, 2024/03/03, 17:49:37.559, 469401765385, vstest.console.dll, TestRequestSender.OnExecutionMessageReceived: Received message: {"Version":3,"MessageType":"TestSession.Message","Payload":{"MessageLevel":0,"Message":"[xUnit.net 00:00:00.55]   Discovering: TestJWKSServer.Tests"}}
TpTrace Verbose: 0 : 3452, 12, 2024/03/03, 17:49:37.560, 469401767940, vstest.console.dll, TestRunRequest:SendTestRunMessage: Starting.
TpTrace Information: 0 : 3452, 12, 2024/03/03, 17:49:37.560, 469401768504, vstest.console.dll, TestRunRequest:SendTestRunMessage: Completed.
TpTrace Verbose: 0 : 3452, 12, 2024/03/03, 17:49:37.560, 469401768812, vstest.console.dll, TcpClientExtensions.MessageLoopAsync: Polling on remoteEndPoint: 127.0.0.1:51567 localEndPoint: 127.0.0.1:51566
TpTrace Verbose: 0 : 3452, 12, 2024/03/03, 17:49:37.590, 469402071944, vstest.console.dll, TcpClientExtensions.MessageLoopAsync: NotifyDataAvailable remoteEndPoint: 127.0.0.1:51567 localEndPoint: 127.0.0.1:51566
TpTrace Verbose: 0 : 3452, 12, 2024/03/03, 17:49:37.590, 469402073304, vstest.console.dll, TestRequestSender.OnExecutionMessageReceived: Received message: {"Version":3,"MessageType":"TestSession.Message","Payload":{"MessageLevel":0,"Message":"[xUnit.net 00:00:00.58]   Discovered:  TestJWKSServer.Tests"}}
TpTrace Verbose: 0 : 3452, 12, 2024/03/03, 17:49:37.590, 469402075273, vstest.console.dll, TestRunRequest:SendTestRunMessage: Starting.
TpTrace Information: 0 : 3452, 12, 2024/03/03, 17:49:37.590, 469402075862, vstest.console.dll, TestRunRequest:SendTestRunMessage: Completed.
TpTrace Verbose: 0 : 3452, 12, 2024/03/03, 17:49:37.590, 469402076347, vstest.console.dll, TcpClientExtensions.MessageLoopAsync: Polling on remoteEndPoint: 127.0.0.1:51567 localEndPoint: 127.0.0.1:51566
TpTrace Verbose: 0 : 3452, 12, 2024/03/03, 17:49:37.592, 469402093080, vstest.console.dll, TcpClientExtensions.MessageLoopAsync: NotifyDataAvailable remoteEndPoint: 127.0.0.1:51567 localEndPoint: 127.0.0.1:51566
TpTrace Verbose: 0 : 3452, 12, 2024/03/03, 17:49:37.592, 469402094039, vstest.console.dll, TestRequestSender.OnExecutionMessageReceived: Received message: {"Version":3,"MessageType":"TestSession.Message","Payload":{"MessageLevel":0,"Message":"[xUnit.net 00:00:00.58]   Starting:    TestJWKSServer.Tests"}}
TpTrace Verbose: 0 : 3452, 12, 2024/03/03, 17:49:37.592, 469402095196, vstest.console.dll, TestRunRequest:SendTestRunMessage: Starting.
TpTrace Information: 0 : 3452, 12, 2024/03/03, 17:49:37.592, 469402095750, vstest.console.dll, TestRunRequest:SendTestRunMessage: Completed.
TpTrace Verbose: 0 : 3452, 12, 2024/03/03, 17:49:37.592, 469402096073, vstest.console.dll, TcpClientExtensions.MessageLoopAsync: Polling on remoteEndPoint: 127.0.0.1:51567 localEndPoint: 127.0.0.1:51566
TpTrace Verbose: 0 : 3452, 12, 2024/03/03, 17:49:37.976, 469405929655, vstest.console.dll, TcpClientExtensions.MessageLoopAsync: NotifyDataAvailable remoteEndPoint: 127.0.0.1:51567 localEndPoint: 127.0.0.1:51566
TpTrace Verbose: 0 : 3452, 12, 2024/03/03, 17:49:37.976, 469405931370, vstest.console.dll, TestRequestSender.OnExecutionMessageReceived: Received message: {"Version":3,"MessageType":"TestSession.Message","Payload":{"MessageLevel":0,"Message":"[xUnit.net 00:00:00.96]   Finished:    TestJWKSServer.Tests"}}
TpTrace Verbose: 0 : 3452, 12, 2024/03/03, 17:49:37.976, 469405934089, vstest.console.dll, TestRunRequest:SendTestRunMessage: Starting.
TpTrace Information: 0 : 3452, 12, 2024/03/03, 17:49:37.976, 469405934836, vstest.console.dll, TestRunRequest:SendTestRunMessage: Completed.
TpTrace Verbose: 0 : 3452, 12, 2024/03/03, 17:49:37.976, 469405935337, vstest.console.dll, TcpClientExtensions.MessageLoopAsync: Polling on remoteEndPoint: 127.0.0.1:51567 localEndPoint: 127.0.0.1:51566
TpTrace Verbose: 0 : 3452, 12, 2024/03/03, 17:49:38.007, 469406240577, vstest.console.dll, TcpClientExtensions.MessageLoopAsync: NotifyDataAvailable remoteEndPoint: 127.0.0.1:51567 localEndPoint: 127.0.0.1:51566
TpTrace Verbose: 0 : 3452, 12, 2024/03/03, 17:49:38.007, 469406244027, vstest.console.dll, TestRequestSender.OnExecutionMessageReceived: Received message: {"Version":3,"MessageType":"TestExecution.Completed","Payload":{"TestRunCompleteArgs":{"TestRunStatistics":{"ExecutedTests":3,"Stats":{"Passed":3}},"IsCanceled":false,"IsAborted":false,"Error":null,"AttachmentSets":[],"ElapsedTimeInRunningTests":"00:00:00.9782966","Metrics":{}},"LastRunTests":{"NewTestResults":[{"TestCase":{"Properties":[{"Key":{"Id":"TestCase.FullyQualifiedName","Label":"FullyQualifiedName","Category":"","Description":"","Attributes":1,"ValueType":"System.String"},"Value":"TestJWKSServer.Tests.JwtControllerTests.GetJwks_ReturnsJwks"},{"Key":{"Id":"TestCase.ExecutorUri","Label":"Executor Uri","Category":"","Description":"","Attributes":1,"ValueType":"System.Uri"},"Value":"executor://xunit/VsTestRunner2/netcoreapp"},{"Key":{"Id":"TestCase.Source","Label":"Source","Category":"","Description":"","Attributes":0,"ValueType":"System.String"},"Value":"C:\\Users\\samix\\source\\repos\\TestJWKSServer\\TestJWKSServer.Tests\\bin\\Debug\\netcoreapp3.1\\fine-code-coverage\\build-output\\TestJWKSServer.Tests.dll"},{"Key":{"Id":"TestCase.CodeFilePath","Label":"File Path","Category":"","Description":"","Attributes":0,"ValueType":"System.String"},"Value":null},{"Key":{"Id":"TestCase.DisplayName","Label":"Name","Category":"","Description":"","Attributes":0,"ValueType":"System.String"},"Value":"TestJWKSServer.Tests.JwtControllerTests.GetJwks_ReturnsJwks"},{"Key":{"Id":"TestCase.Id","Label":"Id","Category":"","Description":"","Attributes":1,"ValueType":"System.Guid"},"Value":"ef239f76-e098-28ba-be76-ae90e6a5a05a"},{"Key":{"Id":"TestCase.LineNumber","Label":"Line Number","Category":"","Description":"","Attributes":1,"ValueType":"System.Int32"},"Value":0}]},"Attachments":[],"Messages":[],"Properties":[{"Key":{"Id":"TestResult.Outcome","Label":"Outcome","Category":"","Description":"","Attributes":0,"ValueType":"Microsoft.VisualStudio.TestPlatform.ObjectModel.TestOutcome, Microsoft.VisualStudio.TestPlatform.ObjectModel, Version=15.0.0.0, Culture=neutral, PublicKeyToken=b03f5f7f11d50a3a"},"Value":1},{"Key":{"Id":"TestResult.ErrorMessage","Label":"Error Message","Category":"","Description":"","Attributes":0,"ValueType":"System.String"},"Value":null},{"Key":{"Id":"TestResult.ErrorStackTrace","Label":"Error Stack Trace","Category":"","Description":"","Attributes":0,"ValueType":"System.String"},"Value":null},{"Key":{"Id":"TestResult.DisplayName","Label":"TestResult Display Name","Category":"","Description":"","Attributes":1,"ValueType":"System.String"},"Value":"TestJWKSServer.Tests.JwtControllerTests.GetJwks_ReturnsJwks"},{"Key":{"Id":"TestResult.ComputerName","Label":"Computer Name","Category":"","Description":"","Attributes":0,"ValueType":"System.String"},"Value":"LAPTOP-VOQUL14Q"},{"Key":{"Id":"TestResult.Duration","Label":"Duration","Category":"","Description":"","Attributes":0,"ValueType":"System.TimeSpan"},"Value":"00:00:00.0702427"},{"Key":{"Id":"TestResult.StartTime","Label":"Start Time","Category":"","Description":"","Attributes":0,"ValueType":"System.DateTimeOffset"},"Value":"2024-03-03T23:49:37.7224961+00:00"},{"Key":{"Id":"TestResult.EndTime","Label":"End Time","Category":"","Description":"","Attributes":0,"ValueType":"System.DateTimeOffset"},"Value":"2024-03-03T23:49:37.7225213+00:00"}]},{"TestCase":{"Properties":[{"Key":{"Id":"TestCase.FullyQualifiedName","Label":"FullyQualifiedName","Category":"","Description":"","Attributes":1,"ValueType":"System.String"},"Value":"TestJWKSServer.Tests.JwtControllerTests.Authenticate_ReturnsValidJwt"},{"Key":{"Id":"TestCase.ExecutorUri","Label":"Executor Uri","Category":"","Description":"","Attributes":1,"ValueType":"System.Uri"},"Value":"executor://xunit/VsTestRunner2/netcoreapp"},{"Key":{"Id":"TestCase.Source","Label":"Source","Category":"","Description":"","Attributes":0,"ValueType":"System.String"},"Value":"C:\\Users\\samix\\source\\repos\\TestJWKSServer\\TestJWKSServer.Tests\\bin\\Debug\\netcoreapp3.1\\fine-code-coverage\\build-output\\TestJWKSServer.Tests.dll"},{"Key":{"Id":"TestCase.CodeFilePath","Label":"File Path","Category":"","Description":"","Attributes":0,"ValueType":"System.String"},"Value":null},{"Key":{"Id":"TestCase.DisplayName","Label":"Name","Category":"","Description":"","Attributes":0,"ValueType":"System.String"},"Value":"TestJWKSServer.Tests.JwtControllerTests.Authenticate_ReturnsValidJwt"},{"Key":{"Id":"TestCase.Id","Label":"Id","Category":"","Description":"","Attributes":1,"ValueType":"System.Guid"},"Value":"c0eae421-f1c9-55f8-e979-4bdeac8566a4"},{"Key":{"Id":"TestCase.LineNumber","Label":"Line Number","Category":"","Description":"","Attributes":1,"ValueType":"System.Int32"},"Value":0}]},"Attachments":[],"Messages":[],"Properties":[{"Key":{"Id":"TestResult.Outcome","Label":"Outcome","Category":"","Description":"","Attributes":0,"ValueType":"Microsoft.VisualStudio.TestPlatform.ObjectModel.TestOutcome, Microsoft.VisualStudio.TestPlatform.ObjectModel, Version=15.0.0.0, Culture=neutral, PublicKeyToken=b03f5f7f11d50a3a"},"Value":1},{"Key":{"Id":"TestResult.ErrorMessage","Label":"Error Message","Category":"","Description":"","Attributes":0,"ValueType":"System.String"},"Value":null},{"Key":{"Id":"TestResult.ErrorStackTrace","Label":"Error Stack Trace","Category":"","Description":"","Attributes":0,"ValueType":"System.String"},"Value":null},{"Key":{"Id":"TestResult.DisplayName","Label":"TestResult Display Name","Category":"","Description":"","Attributes":1,"ValueType":"System.String"},"Value":"TestJWKSServer.Tests.JwtControllerTests.Authenticate_ReturnsValidJwt"},{"Key":{"Id":"TestResult.ComputerName","Label":"Computer Name","Category":"","Description":"","Attributes":0,"ValueType":"System.String"},"Value":"LAPTOP-VOQUL14Q"},{"Key":{"Id":"TestResult.Duration","Label":"Duration","Category":"","Description":"","Attributes":0,"ValueType":"System.TimeSpan"},"Value":"00:00:00.1115071"},{"Key":{"Id":"TestResult.StartTime","Label":"Start Time","Category":"","Description":"","Attributes":0,"ValueType":"System.DateTimeOffset"},"Value":"2024-03-03T23:49:37.8336946+00:00"},{"Key":{"Id":"TestResult.EndTime","Label":"End Time","Category":"","Description":"","Attributes":0,"ValueType":"System.DateTimeOffset"},"Value":"2024-03-03T23:49:37.833698+00:00"}]},{"TestCase":{"Properties":[{"Key":{"Id":"TestCase.FullyQualifiedName","Label":"FullyQualifiedName","Category":"","Description":"","Attributes":1,"ValueType":"System.String"},"Value":"TestJWKSServer.Tests.JwtControllerTests.Authenticate_ReturnsExpiredJwt"},{"Key":{"Id":"TestCase.ExecutorUri","Label":"Executor Uri","Category":"","Description":"","Attributes":1,"ValueType":"System.Uri"},"Value":"executor://xunit/VsTestRunner2/netcoreapp"},{"Key":{"Id":"TestCase.Source","Label":"Source","Category":"","Description":"","Attributes":0,"ValueType":"System.String"},"Value":"C:\\Users\\samix\\source\\repos\\TestJWKSServer\\TestJWKSServer.Tests\\bin\\Debug\\netcoreapp3.1\\fine-code-coverage\\build-output\\TestJWKSServer.Tests.dll"},{"Key":{"Id":"TestCase.CodeFilePath","Label":"File Path","Category":"","Description":"","Attributes":0,"ValueType":"System.String"},"Value":null},{"Key":{"Id":"TestCase.DisplayName","Label":"Name","Category":"","Description":"","Attributes":0,"ValueType":"System.String"},"Value":"TestJWKSServer.Tests.JwtControllerTests.Authenticate_ReturnsExpiredJwt"},{"Key":{"Id":"TestCase.Id","Label":"Id","Category":"","Description":"","Attributes":1,"ValueType":"System.Guid"},"Value":"6e423ab8-b7a0-12ee-789f-6aa5190c321f"},{"Key":{"Id":"TestCase.LineNumber","Label":"Line Number","Category":"","Description":"","Attributes":1,"ValueType":"System.Int32"},"Value":0}]},"Attachments":[],"Messages":[],"Properties":[{"Key":{"Id":"TestResult.Outcome","Label":"Outcome","Category":"","Description":"","Attributes":0,"ValueType":"Microsoft.VisualStudio.TestPlatform.ObjectModel.TestOutcome, Microsoft.VisualStudio.TestPlatform.ObjectModel, Version=15.0.0.0, Culture=neutral, PublicKeyToken=b03f5f7f11d50a3a"},"Value":1},{"Key":{"Id":"TestResult.ErrorMessage","Label":"Error Message","Category":"","Description":"","Attributes":0,"ValueType":"System.String"},"Value":null},{"Key":{"Id":"TestResult.ErrorStackTrace","Label":"Error Stack Trace","Category":"","Description":"","Attributes":0,"ValueType":"System.String"},"Value":null},{"Key":{"Id":"TestResult.DisplayName","Label":"TestResult Display Name","Category":"","Description":"","Attributes":1,"ValueType":"System.String"},"Value":"TestJWKSServer.Tests.JwtControllerTests.Authenticate_ReturnsExpiredJwt"},{"Key":{"Id":"TestResult.ComputerName","Label":"Computer Name","Category":"","Description":"","Attributes":0,"ValueType":"System.String"},"Value":"LAPTOP-VOQUL14Q"},{"Key":{"Id":"TestResult.Duration","Label":"Duration","Category":"","Description":"","Attributes":0,"ValueType":"System.TimeSpan"},"Value":"00:00:00.1361132"},{"Key":{"Id":"TestResult.StartTime","Label":"Start Time","Category":"","Description":"","Attributes":0,"ValueType":"System.DateTimeOffset"},"Value":"2024-03-03T23:49:37.9698064+00:00"},{"Key":{"Id":"TestResult.EndTime","Label":"End Time","Category":"","Description":"","Attributes":0,"ValueType":"System.DateTimeOffset"},"Value":"2024-03-03T23:49:37.9698107+00:00"}]}],"TestRunStatistics":{"ExecutedTests":3,"Stats":{"Passed":3}},"ActiveTests":[]},"RunAttachments":[],"ExecutorUris":["executor://xunit/VsTestRunner2/netcoreapp"]}}
TpTrace Verbose: 0 : 3452, 12, 2024/03/03, 17:49:38.008, 469406253051, vstest.console.dll, TestRequestSender.EndSession: Sending end session.
TpTrace Verbose: 0 : 3452, 12, 2024/03/03, 17:49:38.008, 469406255153, vstest.console.dll, ProxyOperationManager.Close: waiting for test host to exit for 100 ms
TpTrace Warning: 0 : 3452, 12, 2024/03/03, 17:49:38.116, 469407334996, vstest.console.dll, ProxyOperationManager: Timed out waiting for test host to exit. Will terminate process.
TpTrace Warning: 0 : 3452, 10, 2024/03/03, 17:49:38.140, 469407571903, vstest.console.dll, TestHostManagerCallbacks.ErrorReceivedCallback Test host standard error line: 
TpTrace Verbose: 0 : 3452, 12, 2024/03/03, 17:49:38.153, 469407699945, vstest.console.dll, TestHostProvider.ExitCallBack: Host exited starting callback.
TpTrace Information: 0 : 3452, 12, 2024/03/03, 17:49:38.153, 469407701019, vstest.console.dll, TestHostManagerCallbacks.ExitCallBack: Testhost processId: 15156 exited with exitcode: 0 error: ''
TpTrace Verbose: 0 : 3452, 12, 2024/03/03, 17:49:38.153, 469407701362, vstest.console.dll, DotnetTestHostManager.OnHostExited: invoking OnHostExited callback
TpTrace Verbose: 0 : 3452, 12, 2024/03/03, 17:49:38.153, 469407701737, vstest.console.dll, CrossPlatEngine.TestHostManagerHostExited: calling on client process exit callback.
TpTrace Information: 0 : 3452, 12, 2024/03/03, 17:49:38.153, 469407702109, vstest.console.dll, TestRequestSender.OnClientProcessExit: Test host process exited. Standard error: 
TpTrace Information: 0 : 3452, 12, 2024/03/03, 17:49:38.153, 469407702441, vstest.console.dll, SocketServer.Stop: Stop server endPoint: 127.0.0.1:51566
TpTrace Information: 0 : 3452, 12, 2024/03/03, 17:49:38.153, 469407702670, vstest.console.dll, SocketServer.Stop: Cancellation requested. Stopping message loop.
TpTrace Verbose: 0 : 3452, 12, 2024/03/03, 17:49:38.154, 469407709350, vstest.console.dll, ProxyDataCollectionManager.InvokeDataCollectionServiceAction: Starting.
TpTrace Information: 0 : 3452, 12, 2024/03/03, 17:49:38.154, 469407709802, vstest.console.dll, ProxyDataCollectionManager.AfterTestRunEnd: Get attachment set for datacollector processId: 8656 port: 51562
TpTrace Verbose: 0 : 3452, 12, 2024/03/03, 17:49:38.154, 469407710222, vstest.console.dll, DataCollectionRequestSender.SendAfterTestRunStartAndGetResult : Send AfterTestRunEnd message with isCancelled: False
TpTrace Verbose: 0 : 3452, 12, 2024/03/03, 17:49:38.157, 469407746344, vstest.console.dll, DataCollectionRequestSender.SendAfterTestRunStartAndGetResult : Received message: (DataCollection.AfterTestRunEndResult) -> {
  "AttachmentSets": [],
  "Metrics": {}
}
TpTrace Information: 0 : 3452, 12, 2024/03/03, 17:49:38.160, 469407775392, vstest.console.dll, ProxyDataCollectionManager.InvokeDataCollectionServiceAction: Completed.
TpTrace Warning: 0 : 3452, 9, 2024/03/03, 17:49:38.162, 469407790408, vstest.console.dll, DataCollectionLauncher.ErrorReceivedCallback datacollector standard error line: 
TpTrace Information: 0 : 3452, 7, 2024/03/03, 17:49:38.167, 469407841660, vstest.console.dll, DataCollectionLauncher.ExitCallBack: Data collector exited with exitcode: 0 error: ''
TpTrace Verbose: 0 : 3452, 12, 2024/03/03, 17:49:38.197, 469408142510, vstest.console.dll, TestRunRequest:SendTestRunStatsChange: Starting.
TpTrace Information: 0 : 3452, 12, 2024/03/03, 17:49:38.197, 469408144809, vstest.console.dll, TestRunRequest:SendTestRunStatsChange: Completed.
TpTrace Verbose: 0 : 3452, 12, 2024/03/03, 17:49:38.197, 469408146175, vstest.console.dll, ParallelProxyExecutionManager: HandlePartialRunComplete: Total completed clients = 1, Run complete = True, Run canceled: False.
TpTrace Verbose: 0 : 3452, 12, 2024/03/03, 17:49:38.212, 469408291179, vstest.console.dll, TestRunRequest:TestRunComplete: Starting. IsAborted:False IsCanceled:False.
TpTrace Verbose: 0 : 3452, 12, 2024/03/03, 17:49:38.212, 469408294120, vstest.console.dll, TestLoggerManager.HandleTestRunComplete: Ignoring as the object is disposed.
TpTrace Information: 0 : 3452, 12, 2024/03/03, 17:49:38.213, 469408298306, vstest.console.dll, TestRunRequest:TestRunComplete: Completed.
TpTrace Verbose: 0 : 3452, 12, 2024/03/03, 17:49:38.213, 469408298913, vstest.console.dll, TestRequestSender.SetOperationComplete: Setting operation complete.
TpTrace Verbose: 0 : 3452, 1, 2024/03/03, 17:49:38.213, 469408298376, vstest.console.dll, TestRunRequest.Dispose: Starting.
TpTrace Information: 0 : 3452, 1, 2024/03/03, 17:49:38.213, 469408299819, vstest.console.dll, TestRunRequest.Dispose: Completed.
TpTrace Information: 0 : 3452, 12, 2024/03/03, 17:49:38.213, 469408299256, vstest.console.dll, SocketServer.Stop: Stop server endPoint: 127.0.0.1:51566
TpTrace Information: 0 : 3452, 1, 2024/03/03, 17:49:38.213, 469408300355, vstest.console.dll, TestRequestManager.RunTests: run tests completed.
TpTrace Information: 0 : 3452, 12, 2024/03/03, 17:49:38.213, 469408300731, vstest.console.dll, SocketServer.Stop: Cancellation requested. Stopping message loop.
TpTrace Information: 0 : 3452, 1, 2024/03/03, 17:49:38.213, 469408301515, vstest.console.dll, RunTestsArgumentProcessor:Execute: Test run is completed.
TpTrace Information: 0 : 3452, 12, 2024/03/03, 17:49:38.213, 469408302707, vstest.console.dll, SocketServer.PrivateStop: Stop server endPoint: 127.0.0.1:51566 error: 
TpTrace Verbose: 0 : 3452, 1, 2024/03/03, 17:49:38.213, 469408303495, vstest.console.dll, Executor.Execute: Exiting with exit code of 0
TpTrace Verbose: 0 : 3452, 12, 2024/03/03, 17:49:38.214, 469408307717, vstest.console.dll, LengthPrefixCommunicationChannel.Dispose: Dispose reader and writer.
TpTrace Information: 0 : 3452, 12, 2024/03/03, 17:49:38.214, 469408308351, vstest.console.dll, SocketServer.Stop: Raise disconnected event endPoint: 127.0.0.1:51566 error: 
TpTrace Verbose: 0 : 3452, 12, 2024/03/03, 17:49:38.214, 469408308856, vstest.console.dll, TestRequestSender: OnTestRunAbort: Operation is already complete. Skip error message.
TpTrace Verbose: 0 : 3452, 12, 2024/03/03, 17:49:38.214, 469408309282, vstest.console.dll, TcpClientExtensions.MessageLoopAsync: exiting MessageLoopAsync remoteEndPoint: 127.0.0.1:51567 localEndPoint: 127.0.0.1:51566
